2025-03-22 15:10:19, INFO: Using device: cuda:0
2025-03-22 15:10:19, INFO: Policy: SARL w/o global state
2025-03-22 15:10:22, INFO: human number: 8
2025-03-22 15:10:22, INFO: Randomize human's radius and preferred speed
2025-03-22 15:10:22, INFO: Training simulation: circle_crossing, test simulation: circle_crossing
2025-03-22 15:10:22, INFO: Square width: 10.0, circle width: 8.0
2025-03-22 15:10:22, INFO: Current learning rate: 0.000010
2025-03-22 15:10:24, INFO: human number: 8
2025-03-22 15:10:24, INFO: running 1/3600 episode, simulation environment: no
2025-03-22 15:10:25, INFO: 1/3600 episode: Success! Total Reward: 19.522, R_dan: 5.3, R_goal: 10.0, R_col: 0, R_km: 3.1, R_col_wall: 0, R_wall_min_dist: -13.762, R_way_point_dist: 3.18, R_wp: 11.7
2025-03-22 15:10:25, INFO: Path length: 72.55867934032906
2025-03-22 15:10:25, INFO: Path left: 0
2025-03-22 15:10:25, INFO: Actions: 106
2025-03-22 15:10:25, INFO: Coordinates: -9.035543277859688 30.745487678796053
2025-03-22 15:10:25, INFO: Stops times: 4

2025-03-22 15:10:27, INFO: human number: 8
2025-03-22 15:10:28, INFO: running 2/3600 episode, simulation environment: circle_crossing
2025-03-22 15:10:30, INFO: 2/3600 episode: Success! Total Reward: 33.532, R_dan: 7.43, R_goal: 10.0, R_col: 0, R_km: 4.45, R_col_wall: 0, R_wall_min_dist: -4.148, R_way_point_dist: 4.09, R_wp: 11.7
2025-03-22 15:10:30, INFO: Path length: 82.40472829043948
2025-03-22 15:10:30, INFO: Path left: 0
2025-03-22 15:10:30, INFO: Actions: 155
2025-03-22 15:10:30, INFO: Coordinates: -9.56398638151586 31.344909325242043
2025-03-22 15:10:30, INFO: Stops times: 0

2025-03-22 15:10:32, INFO: human number: 8
2025-03-22 15:10:33, INFO: running 3/3600 episode, simulation environment: circle_static
2025-03-22 15:10:33, INFO: 3/3600 episode: Collision! Total Reward: -23.816, R_dan: 0.52, R_goal: 0, R_col: -25.0, R_km: 0.05, R_col_wall: 0, R_wall_min_dist: 0.026, R_way_point_dist: 0.36, R_wp: 0.225
2025-03-22 15:10:33, INFO: Path length: 7.818668732307675
2025-03-22 15:10:33, INFO: Path left: 72.70892361191136
2025-03-22 15:10:33, INFO: Actions: 12
2025-03-22 15:10:33, INFO: Coordinates: 2.143627107143402 -9.662360098212957
2025-03-22 15:10:33, INFO: Stops times: 0

2025-03-22 15:10:36, INFO: human number: 8
2025-03-22 15:10:36, INFO: running 4/3600 episode, simulation environment: no
2025-03-22 15:10:36, INFO: 4/3600 episode: Success! Total Reward: 19.522, R_dan: 5.3, R_goal: 10.0, R_col: 0, R_km: 3.1, R_col_wall: 0, R_wall_min_dist: -13.762, R_way_point_dist: 3.18, R_wp: 11.7
2025-03-22 15:10:36, INFO: Path length: 72.55867934032906
2025-03-22 15:10:36, INFO: Path left: 0
2025-03-22 15:10:36, INFO: Actions: 106
2025-03-22 15:10:36, INFO: Coordinates: -9.035543277859688 30.745487678796053
2025-03-22 15:10:36, INFO: Stops times: 4

2025-03-22 15:10:38, INFO: human number: 8
2025-03-22 15:10:39, INFO: running 5/3600 episode, simulation environment: circle_crossing
2025-03-22 15:10:39, INFO: 5/3600 episode: Collision! Total Reward: -23.141, R_dan: 0.69, R_goal: 0, R_col: -25.0, R_km: 0.3, R_col_wall: 0, R_wall_min_dist: 0.038, R_way_point_dist: 0.51, R_wp: 0.315
2025-03-22 15:10:39, INFO: Path length: 10.016611837376201
2025-03-22 15:10:39, INFO: Path left: 70.31754808105214
2025-03-22 15:10:39, INFO: Actions: 17
2025-03-22 15:10:39, INFO: Coordinates: -0.18413296341896057 -9.306643020361662
2025-03-22 15:10:39, INFO: Stops times: 0

2025-03-22 15:10:41, INFO: human number: 8
2025-03-22 15:10:42, INFO: running 6/3600 episode, simulation environment: circle_static
2025-03-22 15:10:42, INFO: 6/3600 episode: Collision! Total Reward: -22.498, R_dan: 0.82, R_goal: 0, R_col: -25.0, R_km: 0.2, R_col_wall: 0, R_wall_min_dist: 0.022, R_way_point_dist: 0.78, R_wp: 0.675
2025-03-22 15:10:42, INFO: Path length: 14.520604268195644
2025-03-22 15:10:42, INFO: Path left: 65.33553056751566
2025-03-22 15:10:42, INFO: Actions: 26
2025-03-22 15:10:42, INFO: Coordinates: -4.62083226442337 -7.8362942626699805
2025-03-22 15:10:42, INFO: Stops times: 0

2025-03-22 15:10:45, INFO: human number: 8
2025-03-22 15:10:45, INFO: running 7/3600 episode, simulation environment: no
2025-03-22 15:10:45, INFO: 7/3600 episode: Success! Total Reward: 19.522, R_dan: 5.3, R_goal: 10.0, R_col: 0, R_km: 3.1, R_col_wall: 0, R_wall_min_dist: -13.762, R_way_point_dist: 3.18, R_wp: 11.7
2025-03-22 15:10:45, INFO: Path length: 72.55867934032906
2025-03-22 15:10:45, INFO: Path left: 0
2025-03-22 15:10:45, INFO: Actions: 106
2025-03-22 15:10:45, INFO: Coordinates: -9.035543277859688 30.745487678796053
2025-03-22 15:10:45, INFO: Stops times: 4

2025-03-22 15:10:47, INFO: human number: 8
2025-03-22 15:10:48, INFO: running 8/3600 episode, simulation environment: circle_crossing
2025-03-22 15:10:50, INFO: 8/3600 episode: Success! Total Reward: 23.059, R_dan: 6.2, R_goal: 10.0, R_col: 0, R_km: -0.45, R_col_wall: 0, R_wall_min_dist: -8.798, R_way_point_dist: 4.4, R_wp: 11.7
2025-03-22 15:10:50, INFO: Path length: 78.41987720890887
2025-03-22 15:10:50, INFO: Path left: 0
2025-03-22 15:10:50, INFO: Actions: 156
2025-03-22 15:10:50, INFO: Coordinates: -9.43855687789619 31.012770942412317
2025-03-22 15:10:50, INFO: Stops times: 1

2025-03-22 15:10:52, INFO: human number: 8
2025-03-22 15:10:53, INFO: running 9/3600 episode, simulation environment: circle_static
2025-03-22 15:10:54, INFO: 9/3600 episode: Success! Total Reward: 33.01, R_dan: 5.69, R_goal: 10.0, R_col: 0, R_km: 5.1, R_col_wall: 0, R_wall_min_dist: -4.201, R_way_point_dist: 4.71, R_wp: 11.7
2025-03-22 15:10:54, INFO: Path length: 78.07065808845915
2025-03-22 15:10:54, INFO: Path left: 0
2025-03-22 15:10:54, INFO: Actions: 157
2025-03-22 15:10:54, INFO: Coordinates: -9.234558292198926 31.268390038982034
2025-03-22 15:10:54, INFO: Stops times: 0

2025-03-22 15:10:57, INFO: human number: 8
2025-03-22 15:10:57, INFO: running 10/3600 episode, simulation environment: no
2025-03-22 15:10:57, INFO: 10/3600 episode: Success! Total Reward: 19.522, R_dan: 5.3, R_goal: 10.0, R_col: 0, R_km: 3.1, R_col_wall: 0, R_wall_min_dist: -13.762, R_way_point_dist: 3.18, R_wp: 11.7
2025-03-22 15:10:57, INFO: Path length: 72.55867934032906
2025-03-22 15:10:57, INFO: Path left: 0
2025-03-22 15:10:57, INFO: Actions: 106
2025-03-22 15:10:57, INFO: Coordinates: -9.035543277859688 30.745487678796053
2025-03-22 15:10:57, INFO: Stops times: 4

2025-03-22 15:11:00, INFO: human number: 8
2025-03-22 15:11:00, INFO: running 11/3600 episode, simulation environment: circle_crossing
2025-03-22 15:11:01, INFO: 11/3600 episode: Collision! Total Reward: -23.498, R_dan: 0.8, R_goal: 0, R_col: -25.0, R_km: 0.5, R_col_wall: 0, R_wall_min_dist: -1.587, R_way_point_dist: 0.96, R_wp: 0.825
2025-03-22 15:11:01, INFO: Path length: 17.011715809593692
2025-03-22 15:11:01, INFO: Path left: 62.29309390848886
2025-03-22 15:11:01, INFO: Actions: 32
2025-03-22 15:11:01, INFO: Coordinates: -6.475004643201828 -5.655338127166033
2025-03-22 15:11:01, INFO: Stops times: 0

2025-03-22 15:11:03, INFO: human number: 8
2025-03-22 15:11:04, INFO: running 12/3600 episode, simulation environment: circle_static
2025-03-22 15:11:04, INFO: 12/3600 episode: Collision! Total Reward: -24.866, R_dan: 0.26, R_goal: 0, R_col: -25.0, R_km: -0.6, R_col_wall: 0, R_wall_min_dist: 0.021, R_way_point_dist: 0.3, R_wp: 0.15
2025-03-22 15:11:04, INFO: Path length: 5.249044544832884
2025-03-22 15:11:04, INFO: Path left: 74.53786945344805
2025-03-22 15:11:04, INFO: Actions: 10
2025-03-22 15:11:04, INFO: Coordinates: 3.9765357673168182 -9.558703009039164
2025-03-22 15:11:04, INFO: Stops times: 1

2025-03-22 15:11:06, INFO: human number: 8
2025-03-22 15:11:06, INFO: running 13/3600 episode, simulation environment: no
2025-03-22 15:11:07, INFO: 13/3600 episode: Success! Total Reward: 19.522, R_dan: 5.3, R_goal: 10.0, R_col: 0, R_km: 3.1, R_col_wall: 0, R_wall_min_dist: -13.762, R_way_point_dist: 3.18, R_wp: 11.7
2025-03-22 15:11:07, INFO: Path length: 72.55867934032906
2025-03-22 15:11:07, INFO: Path left: 0
2025-03-22 15:11:07, INFO: Actions: 106
2025-03-22 15:11:07, INFO: Coordinates: -9.035543277859688 30.745487678796053
2025-03-22 15:11:07, INFO: Stops times: 4

2025-03-22 15:11:09, INFO: human number: 8
2025-03-22 15:11:10, INFO: running 14/3600 episode, simulation environment: circle_crossing
2025-03-22 15:11:11, INFO: 14/3600 episode: Success! Total Reward: 32.04, R_dan: 6.4, R_goal: 10.0, R_col: 0, R_km: 4.3, R_col_wall: 0, R_wall_min_dist: -4.302, R_way_point_dist: 3.93, R_wp: 11.7
2025-03-22 15:11:11, INFO: Path length: 83.84870652172614
2025-03-22 15:11:11, INFO: Path left: 0
2025-03-22 15:11:11, INFO: Actions: 152
2025-03-22 15:11:11, INFO: Coordinates: -9.616809007711709 31.567006851080805
2025-03-22 15:11:11, INFO: Stops times: 0

2025-03-22 15:11:14, INFO: human number: 8
2025-03-22 15:11:14, INFO: running 15/3600 episode, simulation environment: circle_static
2025-03-22 15:11:15, INFO: 15/3600 episode: Collision! Total Reward: -21.814, R_dan: 2.38, R_goal: 0, R_col: -25.0, R_km: 1.45, R_col_wall: 0, R_wall_min_dist: -6.302, R_way_point_dist: 1.86, R_wp: 3.795
2025-03-22 15:11:15, INFO: Path length: 37.24938401005086
2025-03-22 15:11:15, INFO: Path left: 38.497429956915624
2025-03-22 15:11:15, INFO: Actions: 62
2025-03-22 15:11:15, INFO: Coordinates: 0.9408043324947357 11.33705076109618
2025-03-22 15:11:15, INFO: Stops times: 1

2025-03-22 15:11:17, INFO: human number: 8
2025-03-22 15:11:17, INFO: running 16/3600 episode, simulation environment: no
2025-03-22 15:11:18, INFO: 16/3600 episode: Success! Total Reward: 19.522, R_dan: 5.3, R_goal: 10.0, R_col: 0, R_km: 3.1, R_col_wall: 0, R_wall_min_dist: -13.762, R_way_point_dist: 3.18, R_wp: 11.7
2025-03-22 15:11:18, INFO: Path length: 72.55867934032906
2025-03-22 15:11:18, INFO: Path left: 0
2025-03-22 15:11:18, INFO: Actions: 106
2025-03-22 15:11:18, INFO: Coordinates: -9.035543277859688 30.745487678796053
2025-03-22 15:11:18, INFO: Stops times: 4

2025-03-22 15:11:20, INFO: human number: 8
2025-03-22 15:11:21, INFO: running 17/3600 episode, simulation environment: circle_crossing
2025-03-22 15:11:22, INFO: 17/3600 episode: Success! Total Reward: 33.532, R_dan: 5.94, R_goal: 10.0, R_col: 0, R_km: 5.8, R_col_wall: 0, R_wall_min_dist: -4.054, R_way_point_dist: 4.14, R_wp: 11.7
2025-03-22 15:11:22, INFO: Path length: 76.77314134702485
2025-03-22 15:11:22, INFO: Path left: 0
2025-03-22 15:11:22, INFO: Actions: 138
2025-03-22 15:11:22, INFO: Coordinates: -8.832130322232842 31.147668096236885
2025-03-22 15:11:22, INFO: Stops times: 1

2025-03-22 15:11:25, INFO: human number: 8
2025-03-22 15:11:25, INFO: running 18/3600 episode, simulation environment: circle_static
2025-03-22 15:11:27, INFO: 18/3600 episode: Success! Total Reward: 29.814, R_dan: 7.12, R_goal: 10.0, R_col: 0, R_km: 0.15, R_col_wall: 0, R_wall_min_dist: -4.222, R_way_point_dist: 5.04, R_wp: 11.7
2025-03-22 15:11:27, INFO: Path length: 78.19913560823088
2025-03-22 15:11:27, INFO: Path left: 0
2025-03-22 15:11:27, INFO: Actions: 168
2025-03-22 15:11:27, INFO: Coordinates: -9.593938611447811 30.538443891331553
2025-03-22 15:11:27, INFO: Stops times: 2

2025-03-22 15:11:29, INFO: human number: 8
2025-03-22 15:11:29, INFO: running 19/3600 episode, simulation environment: no
2025-03-22 15:11:30, INFO: 19/3600 episode: Success! Total Reward: 19.522, R_dan: 5.3, R_goal: 10.0, R_col: 0, R_km: 3.1, R_col_wall: 0, R_wall_min_dist: -13.762, R_way_point_dist: 3.18, R_wp: 11.7
2025-03-22 15:11:30, INFO: Path length: 72.55867934032906
2025-03-22 15:11:30, INFO: Path left: 0
2025-03-22 15:11:30, INFO: Actions: 106
2025-03-22 15:11:30, INFO: Coordinates: -9.035543277859688 30.745487678796053
2025-03-22 15:11:30, INFO: Stops times: 4

2025-03-22 15:11:32, INFO: human number: 8
2025-03-22 15:11:33, INFO: running 20/3600 episode, simulation environment: circle_crossing
2025-03-22 15:11:34, INFO: 20/3600 episode: Success! Total Reward: 22.816, R_dan: 4.67, R_goal: 10.0, R_col: 0, R_km: 2.05, R_col_wall: 0, R_wall_min_dist: -9.942, R_way_point_dist: 4.32, R_wp: 11.7
2025-03-22 15:11:34, INFO: Path length: 77.43718813930867
2025-03-22 15:11:34, INFO: Path left: 0
2025-03-22 15:11:34, INFO: Actions: 151
2025-03-22 15:11:34, INFO: Coordinates: -9.712342469953 31.580158800818026
2025-03-22 15:11:34, INFO: Stops times: 0

2025-03-22 15:11:36, INFO: human number: 8
2025-03-22 15:11:37, INFO: running 21/3600 episode, simulation environment: circle_static
2025-03-22 15:11:39, INFO: 21/3600 episode: Success! Total Reward: 36.75, R_dan: 6.78, R_goal: 10.0, R_col: 0, R_km: 5.3, R_col_wall: 0, R_wall_min_dist: -1.562, R_way_point_dist: 4.5, R_wp: 11.7
2025-03-22 15:11:39, INFO: Path length: 78.227791042319
2025-03-22 15:11:39, INFO: Path left: 0
2025-03-22 15:11:39, INFO: Actions: 150
2025-03-22 15:11:39, INFO: Coordinates: -9.943238589563407 30.453359350562096
2025-03-22 15:11:39, INFO: Stops times: 0

2025-03-22 15:11:41, INFO: human number: 8
2025-03-22 15:11:41, INFO: running 22/3600 episode, simulation environment: no
2025-03-22 15:11:41, INFO: 22/3600 episode: Success! Total Reward: 19.522, R_dan: 5.3, R_goal: 10.0, R_col: 0, R_km: 3.1, R_col_wall: 0, R_wall_min_dist: -13.762, R_way_point_dist: 3.18, R_wp: 11.7
2025-03-22 15:11:41, INFO: Path length: 72.55867934032906
2025-03-22 15:11:41, INFO: Path left: 0
2025-03-22 15:11:41, INFO: Actions: 106
2025-03-22 15:11:41, INFO: Coordinates: -9.035543277859688 30.745487678796053
2025-03-22 15:11:41, INFO: Stops times: 4

2025-03-22 15:11:44, INFO: human number: 8
2025-03-22 15:11:45, INFO: running 23/3600 episode, simulation environment: circle_crossing
2025-03-22 15:11:45, INFO: 23/3600 episode: Collision! Total Reward: -24.573, R_dan: 0.47, R_goal: 0, R_col: -25.0, R_km: -0.55, R_col_wall: 0, R_wall_min_dist: 0.024, R_way_point_dist: 0.33, R_wp: 0.15
2025-03-22 15:11:45, INFO: Path length: 5.70613296390479
2025-03-22 15:11:45, INFO: Path left: 74.09972825924595
2025-03-22 15:11:45, INFO: Actions: 11
2025-03-22 15:11:45, INFO: Coordinates: 3.5380619913339615 -9.575140230357647
2025-03-22 15:11:45, INFO: Stops times: 1

2025-03-22 15:11:47, INFO: human number: 8
2025-03-22 15:11:48, INFO: running 24/3600 episode, simulation environment: circle_static
2025-03-22 15:11:49, INFO: 24/3600 episode: Success! Total Reward: 31.276, R_dan: 8.34, R_goal: 10.0, R_col: 0, R_km: 1.9, R_col_wall: 0, R_wall_min_dist: -5.77, R_way_point_dist: 5.1, R_wp: 11.7
2025-03-22 15:11:49, INFO: Path length: 77.60873082202303
2025-03-22 15:11:49, INFO: Path left: 0
2025-03-22 15:11:49, INFO: Actions: 170
2025-03-22 15:11:49, INFO: Coordinates: -9.972856217063963 31.6397098377347
2025-03-22 15:11:49, INFO: Stops times: 0

2025-03-22 15:11:52, INFO: human number: 8
2025-03-22 15:11:52, INFO: running 25/3600 episode, simulation environment: no
2025-03-22 15:11:52, INFO: 25/3600 episode: Success! Total Reward: 19.522, R_dan: 5.3, R_goal: 10.0, R_col: 0, R_km: 3.1, R_col_wall: 0, R_wall_min_dist: -13.762, R_way_point_dist: 3.18, R_wp: 11.7
2025-03-22 15:11:52, INFO: Path length: 72.55867934032906
2025-03-22 15:11:52, INFO: Path left: 0
2025-03-22 15:11:52, INFO: Actions: 106
2025-03-22 15:11:52, INFO: Coordinates: -9.035543277859688 30.745487678796053
2025-03-22 15:11:52, INFO: Stops times: 4

2025-03-22 15:11:54, INFO: human number: 8
2025-03-22 15:11:55, INFO: running 26/3600 episode, simulation environment: circle_crossing
2025-03-22 15:11:55, INFO: 26/3600 episode: Collision! Total Reward: -23.81, R_dan: 0.19, R_goal: 0, R_col: -25.0, R_km: 0.2, R_col_wall: 0, R_wall_min_dist: 0.032, R_way_point_dist: 0.45, R_wp: 0.315
2025-03-22 15:11:55, INFO: Path length: 9.50959294136556
2025-03-22 15:11:55, INFO: Path left: 71.01167677135632
2025-03-22 15:11:55, INFO: Actions: 15
2025-03-22 15:11:55, INFO: Coordinates: 0.5493532791733742 -8.996018931269646
2025-03-22 15:11:55, INFO: Stops times: 0

2025-03-22 15:11:57, INFO: human number: 8
2025-03-22 15:11:58, INFO: running 27/3600 episode, simulation environment: circle_static
2025-03-22 15:11:58, INFO: 27/3600 episode: Collision! Total Reward: -23.947, R_dan: 0.52, R_goal: 0, R_col: -25.0, R_km: 0.05, R_col_wall: 0, R_wall_min_dist: 0.026, R_way_point_dist: 0.36, R_wp: 0.09
2025-03-22 15:11:58, INFO: Path length: 3.8169907265493985
2025-03-22 15:11:58, INFO: Path left: 76.03191937900276
2025-03-22 15:11:58, INFO: Actions: 12
2025-03-22 15:11:58, INFO: Coordinates: 5.43730665743351 -10.01610711030662
2025-03-22 15:11:58, INFO: Stops times: 1

2025-03-22 15:12:00, INFO: human number: 8
2025-03-22 15:12:00, INFO: running 28/3600 episode, simulation environment: no
2025-03-22 15:12:00, INFO: 28/3600 episode: Success! Total Reward: 19.522, R_dan: 5.3, R_goal: 10.0, R_col: 0, R_km: 3.1, R_col_wall: 0, R_wall_min_dist: -13.762, R_way_point_dist: 3.18, R_wp: 11.7
2025-03-22 15:12:00, INFO: Path length: 72.55867934032906
2025-03-22 15:12:00, INFO: Path left: 0
2025-03-22 15:12:00, INFO: Actions: 106
2025-03-22 15:12:00, INFO: Coordinates: -9.035543277859688 30.745487678796053
2025-03-22 15:12:00, INFO: Stops times: 4

2025-03-22 15:12:03, INFO: human number: 8
2025-03-22 15:12:03, INFO: running 29/3600 episode, simulation environment: circle_crossing
2025-03-22 15:12:03, INFO: 29/3600 episode: Collision! Total Reward: -25.721, R_dan: 0.44, R_goal: 0, R_col: -25.0, R_km: -1.6, R_col_wall: 0, R_wall_min_dist: 0.026, R_way_point_dist: 0.36, R_wp: 0.045
2025-03-22 15:12:03, INFO: Path length: 3.3215357662551424
2025-03-22 15:12:03, INFO: Path left: 77.06752970639236
2025-03-22 15:12:03, INFO: Actions: 12
2025-03-22 15:12:03, INFO: Coordinates: 6.484760217368603 -9.873602569103241
2025-03-22 15:12:03, INFO: Stops times: 0

2025-03-22 15:12:06, INFO: human number: 8
2025-03-22 15:12:06, INFO: running 30/3600 episode, simulation environment: circle_static
2025-03-22 15:12:07, INFO: 30/3600 episode: Success! Total Reward: 18.246, R_dan: 2.49, R_goal: 10.0, R_col: 0, R_km: 4.2, R_col_wall: 0, R_wall_min_dist: -13.656, R_way_point_dist: 3.51, R_wp: 11.7
2025-03-22 15:12:07, INFO: Path length: 72.76291278306311
2025-03-22 15:12:07, INFO: Path left: 0
2025-03-22 15:12:07, INFO: Actions: 117
2025-03-22 15:12:07, INFO: Coordinates: -8.988591944798827 30.942830845713615
2025-03-22 15:12:07, INFO: Stops times: 1

2025-03-22 15:12:10, INFO: human number: 8
2025-03-22 15:12:10, INFO: running 31/3600 episode, simulation environment: no
2025-03-22 15:12:10, INFO: 31/3600 episode: Success! Total Reward: 19.522, R_dan: 5.3, R_goal: 10.0, R_col: 0, R_km: 3.1, R_col_wall: 0, R_wall_min_dist: -13.762, R_way_point_dist: 3.18, R_wp: 11.7
2025-03-22 15:12:10, INFO: Path length: 72.55867934032906
2025-03-22 15:12:10, INFO: Path left: 0
2025-03-22 15:12:10, INFO: Actions: 106
2025-03-22 15:12:10, INFO: Coordinates: -9.035543277859688 30.745487678796053
2025-03-22 15:12:10, INFO: Stops times: 4

2025-03-22 15:12:12, INFO: human number: 8
2025-03-22 15:12:13, INFO: running 32/3600 episode, simulation environment: circle_crossing
2025-03-22 15:12:14, INFO: 32/3600 episode: Success! Total Reward: 31.022, R_dan: 6.32, R_goal: 10.0, R_col: 0, R_km: 3.9, R_col_wall: 0, R_wall_min_dist: -4.948, R_way_point_dist: 4.04, R_wp: 11.7
2025-03-22 15:12:14, INFO: Path length: 79.00772224672086
2025-03-22 15:12:14, INFO: Path left: 0
2025-03-22 15:12:14, INFO: Actions: 144
2025-03-22 15:12:14, INFO: Coordinates: -9.534137126989663 31.31958596035838
2025-03-22 15:12:14, INFO: Stops times: 0

2025-03-22 15:12:16, INFO: human number: 8
2025-03-22 15:12:17, INFO: running 33/3600 episode, simulation environment: circle_static
2025-03-22 15:12:17, INFO: 33/3600 episode: Collision! Total Reward: -25.928, R_dan: 0.39, R_goal: 0, R_col: -25.0, R_km: -1.65, R_col_wall: 0, R_wall_min_dist: 0.024, R_way_point_dist: 0.26, R_wp: 0.045
2025-03-22 15:12:17, INFO: Path length: 3.0795189572700745
2025-03-22 15:12:17, INFO: Path left: 77.09136340289373
2025-03-22 15:12:17, INFO: Actions: 11
2025-03-22 15:12:17, INFO: Coordinates: 6.4528152495622635 -10.20388264581561
2025-03-22 15:12:17, INFO: Stops times: 0

2025-03-22 15:12:19, INFO: human number: 8
2025-03-22 15:12:19, INFO: running 34/3600 episode, simulation environment: no
2025-03-22 15:12:20, INFO: 34/3600 episode: Success! Total Reward: 19.522, R_dan: 5.3, R_goal: 10.0, R_col: 0, R_km: 3.1, R_col_wall: 0, R_wall_min_dist: -13.762, R_way_point_dist: 3.18, R_wp: 11.7
2025-03-22 15:12:20, INFO: Path length: 72.55867934032906
2025-03-22 15:12:20, INFO: Path left: 0
2025-03-22 15:12:20, INFO: Actions: 106
2025-03-22 15:12:20, INFO: Coordinates: -9.035543277859688 30.745487678796053
2025-03-22 15:12:20, INFO: Stops times: 4

2025-03-22 15:12:22, INFO: human number: 8
2025-03-22 15:12:22, INFO: running 35/3600 episode, simulation environment: circle_crossing
2025-03-22 15:12:23, INFO: 35/3600 episode: Collision! Total Reward: -23.964, R_dan: 0.41, R_goal: 0, R_col: -25.0, R_km: -0.05, R_col_wall: 0, R_wall_min_dist: -0.379, R_way_point_dist: 0.63, R_wp: 0.42
2025-03-22 15:12:23, INFO: Path length: 10.830253035667605
2025-03-22 15:12:23, INFO: Path left: 69.2767173682107
2025-03-22 15:12:23, INFO: Actions: 21
2025-03-22 15:12:23, INFO: Coordinates: -0.8970891684293747 -8.144993042573333
2025-03-22 15:12:23, INFO: Stops times: 0

2025-03-22 15:12:25, INFO: human number: 8
2025-03-22 15:12:25, INFO: running 36/3600 episode, simulation environment: circle_static
2025-03-22 15:12:26, INFO: 36/3600 episode: Collision! Total Reward: -22.614, R_dan: 0.84, R_goal: 0, R_col: -25.0, R_km: -0.4, R_col_wall: 0, R_wall_min_dist: 0.04, R_way_point_dist: 1.08, R_wp: 0.825
2025-03-22 15:12:26, INFO: Path length: 16.428060606204337
2025-03-22 15:12:26, INFO: Path left: 63.06780419307069
2025-03-22 15:12:26, INFO: Actions: 36
2025-03-22 15:12:26, INFO: Coordinates: -6.1107180416584015 -6.356910474598408
2025-03-22 15:12:26, INFO: Stops times: 1

2025-03-22 15:12:28, INFO: human number: 8
2025-03-22 15:12:28, INFO: running 37/3600 episode, simulation environment: no
2025-03-22 15:12:28, INFO: 37/3600 episode: Success! Total Reward: 19.522, R_dan: 5.3, R_goal: 10.0, R_col: 0, R_km: 3.1, R_col_wall: 0, R_wall_min_dist: -13.762, R_way_point_dist: 3.18, R_wp: 11.7
2025-03-22 15:12:28, INFO: Path length: 72.55867934032906
2025-03-22 15:12:28, INFO: Path left: 0
2025-03-22 15:12:28, INFO: Actions: 106
2025-03-22 15:12:28, INFO: Coordinates: -9.035543277859688 30.745487678796053
2025-03-22 15:12:28, INFO: Stops times: 4

2025-03-22 15:12:30, INFO: human number: 8
2025-03-22 15:12:31, INFO: running 38/3600 episode, simulation environment: circle_crossing
2025-03-22 15:12:32, INFO: 38/3600 episode: Collision! Total Reward: -22.087, R_dan: 0.76, R_goal: 0, R_col: -25.0, R_km: 0.15, R_col_wall: 0, R_wall_min_dist: 0.088, R_way_point_dist: 1.08, R_wp: 0.825
2025-03-22 15:12:32, INFO: Path length: 17.12330087546834
2025-03-22 15:12:32, INFO: Path left: 63.14420598160519
2025-03-22 15:12:32, INFO: Actions: 36
2025-03-22 15:12:32, INFO: Coordinates: -6.7025931887328625 -6.842598346993327
2025-03-22 15:12:32, INFO: Stops times: 0

2025-03-22 15:12:34, INFO: human number: 8
2025-03-22 15:12:34, INFO: running 39/3600 episode, simulation environment: circle_static
2025-03-22 15:12:36, INFO: 39/3600 episode: Success! Total Reward: 16.73, R_dan: 7.82, R_goal: 10.0, R_col: 0, R_km: -10.95, R_col_wall: 0, R_wall_min_dist: -6.478, R_way_point_dist: 4.63, R_wp: 11.7
2025-03-22 15:12:36, INFO: Path length: 82.04291921612622
2025-03-22 15:12:36, INFO: Path left: 0
2025-03-22 15:12:36, INFO: Actions: 166
2025-03-22 15:12:36, INFO: Coordinates: -9.48285863478668 31.066447103396058
2025-03-22 15:12:36, INFO: Stops times: 1

2025-03-22 15:12:38, INFO: human number: 8
2025-03-22 15:12:38, INFO: running 40/3600 episode, simulation environment: no
2025-03-22 15:12:38, INFO: 40/3600 episode: Success! Total Reward: 19.522, R_dan: 5.3, R_goal: 10.0, R_col: 0, R_km: 3.1, R_col_wall: 0, R_wall_min_dist: -13.762, R_way_point_dist: 3.18, R_wp: 11.7
2025-03-22 15:12:38, INFO: Path length: 72.55867934032906
2025-03-22 15:12:38, INFO: Path left: 0
2025-03-22 15:12:38, INFO: Actions: 106
2025-03-22 15:12:38, INFO: Coordinates: -9.035543277859688 30.745487678796053
2025-03-22 15:12:38, INFO: Stops times: 4

2025-03-22 15:12:40, INFO: human number: 8
2025-03-22 15:12:41, INFO: running 41/3600 episode, simulation environment: circle_crossing
2025-03-22 15:12:43, INFO: 41/3600 episode: Collision! Total Reward: -2.31, R_dan: 6.77, R_goal: 0, R_col: -25.0, R_km: 5.6, R_col_wall: 0, R_wall_min_dist: -5.395, R_way_point_dist: 4.0, R_wp: 11.7
2025-03-22 15:12:43, INFO: Path length: 81.10439865776779
2025-03-22 15:12:43, INFO: Path left: 3.5261302785031203
2025-03-22 15:12:43, INFO: Actions: 145
2025-03-22 15:12:43, INFO: Coordinates: -13.749101438559592 32.46763872355223
2025-03-22 15:12:43, INFO: Stops times: 0

2025-03-22 15:12:45, INFO: human number: 8
2025-03-22 15:12:45, INFO: running 42/3600 episode, simulation environment: circle_static
2025-03-22 15:12:46, INFO: 42/3600 episode: Collision! Total Reward: -24.236, R_dan: 0.24, R_goal: 0, R_col: -25.0, R_km: 0.65, R_col_wall: 0, R_wall_min_dist: -1.388, R_way_point_dist: 0.72, R_wp: 0.54
2025-03-22 15:12:46, INFO: Path length: 14.132304348937257
2025-03-22 15:12:46, INFO: Path left: 65.85103822882527
2025-03-22 15:12:46, INFO: Actions: 24
2025-03-22 15:12:46, INFO: Coordinates: -3.7130032628774643 -6.642601475119591
2025-03-22 15:12:46, INFO: Stops times: 0

2025-03-22 15:12:48, INFO: human number: 8
2025-03-22 15:12:48, INFO: running 43/3600 episode, simulation environment: no
2025-03-22 15:12:48, INFO: 43/3600 episode: Success! Total Reward: 19.522, R_dan: 5.3, R_goal: 10.0, R_col: 0, R_km: 3.1, R_col_wall: 0, R_wall_min_dist: -13.762, R_way_point_dist: 3.18, R_wp: 11.7
2025-03-22 15:12:48, INFO: Path length: 72.55867934032906
2025-03-22 15:12:48, INFO: Path left: 0
2025-03-22 15:12:48, INFO: Actions: 106
2025-03-22 15:12:48, INFO: Coordinates: -9.035543277859688 30.745487678796053
2025-03-22 15:12:48, INFO: Stops times: 4

2025-03-22 15:12:50, INFO: human number: 8
2025-03-22 15:12:51, INFO: running 44/3600 episode, simulation environment: circle_crossing
2025-03-22 15:12:51, INFO: 44/3600 episode: Collision! Total Reward: -24.499, R_dan: 0.22, R_goal: 0, R_col: -25.0, R_km: -0.4, R_col_wall: 0, R_wall_min_dist: 0.03, R_way_point_dist: 0.42, R_wp: 0.225
2025-03-22 15:12:51, INFO: Path length: 7.059954679405151
2025-03-22 15:12:51, INFO: Path left: 73.39012690248911
2025-03-22 15:12:51, INFO: Actions: 14
2025-03-22 15:12:51, INFO: Coordinates: 2.623335026204586 -10.747896678745747
2025-03-22 15:12:51, INFO: Stops times: 0

2025-03-22 15:12:53, INFO: human number: 8
2025-03-22 15:12:54, INFO: running 45/3600 episode, simulation environment: circle_static
2025-03-22 15:12:54, INFO: 45/3600 episode: Collision! Total Reward: -24.391, R_dan: 0.49, R_goal: 0, R_col: -25.0, R_km: -0.45, R_col_wall: 0, R_wall_min_dist: 0.028, R_way_point_dist: 0.39, R_wp: 0.15
2025-03-22 15:12:54, INFO: Path length: 6.211312698219632
2025-03-22 15:12:54, INFO: Path left: 73.84463308264841
2025-03-22 15:12:54, INFO: Actions: 13
2025-03-22 15:12:54, INFO: Coordinates: 3.273598924279213 -9.768910303711891
2025-03-22 15:12:54, INFO: Stops times: 0

2025-03-22 15:12:56, INFO: human number: 8
2025-03-22 15:12:56, INFO: running 46/3600 episode, simulation environment: no
2025-03-22 15:12:57, INFO: 46/3600 episode: Success! Total Reward: 19.522, R_dan: 5.3, R_goal: 10.0, R_col: 0, R_km: 3.1, R_col_wall: 0, R_wall_min_dist: -13.762, R_way_point_dist: 3.18, R_wp: 11.7
2025-03-22 15:12:57, INFO: Path length: 72.55867934032906
2025-03-22 15:12:57, INFO: Path left: 0
2025-03-22 15:12:57, INFO: Actions: 106
2025-03-22 15:12:57, INFO: Coordinates: -9.035543277859688 30.745487678796053
2025-03-22 15:12:57, INFO: Stops times: 4

2025-03-22 15:12:59, INFO: human number: 8
2025-03-22 15:12:59, INFO: running 47/3600 episode, simulation environment: circle_crossing
2025-03-22 15:13:00, INFO: 47/3600 episode: Collision! Total Reward: -24.724, R_dan: 0.39, R_goal: 0, R_col: -25.0, R_km: -0.55, R_col_wall: 0, R_wall_min_dist: 0.011, R_way_point_dist: 0.33, R_wp: 0.09
2025-03-22 15:13:00, INFO: Path length: 3.7247335869636244
2025-03-22 15:13:00, INFO: Path left: 76.92810681504328
2025-03-22 15:13:00, INFO: Actions: 11
2025-03-22 15:13:00, INFO: Coordinates: 5.866429626941681 -11.650277804583311
2025-03-22 15:13:00, INFO: Stops times: 0

2025-03-22 15:13:02, INFO: human number: 8
2025-03-22 15:13:02, INFO: running 48/3600 episode, simulation environment: circle_static
2025-03-22 15:13:03, INFO: 48/3600 episode: Collision! Total Reward: -23.791, R_dan: 0.72, R_goal: 0, R_col: -25.0, R_km: 0.1, R_col_wall: 0, R_wall_min_dist: -0.754, R_way_point_dist: 0.72, R_wp: 0.42
2025-03-22 15:13:03, INFO: Path length: 11.790737891056144
2025-03-22 15:13:03, INFO: Path left: 68.2763493199818
2025-03-22 15:13:03, INFO: Actions: 24
2025-03-22 15:13:03, INFO: Coordinates: -1.969182476401329 -8.480729026719928
2025-03-22 15:13:03, INFO: Stops times: 0

2025-03-22 15:13:05, INFO: human number: 8
2025-03-22 15:13:05, INFO: running 49/3600 episode, simulation environment: no
2025-03-22 15:13:05, INFO: 49/3600 episode: Success! Total Reward: 19.522, R_dan: 5.3, R_goal: 10.0, R_col: 0, R_km: 3.1, R_col_wall: 0, R_wall_min_dist: -13.762, R_way_point_dist: 3.18, R_wp: 11.7
2025-03-22 15:13:05, INFO: Path length: 72.55867934032906
2025-03-22 15:13:05, INFO: Path left: 0
2025-03-22 15:13:05, INFO: Actions: 106
2025-03-22 15:13:05, INFO: Coordinates: -9.035543277859688 30.745487678796053
2025-03-22 15:13:05, INFO: Stops times: 4

2025-03-22 15:13:07, INFO: human number: 8
2025-03-22 15:13:08, INFO: running 50/3600 episode, simulation environment: circle_crossing
2025-03-22 15:13:08, INFO: 50/3600 episode: Collision! Total Reward: -23.108, R_dan: 0.61, R_goal: 0, R_col: -25.0, R_km: 0.15, R_col_wall: 0, R_wall_min_dist: 0.06, R_way_point_dist: 0.75, R_wp: 0.315
2025-03-22 15:13:08, INFO: Path length: 10.21010675954647
2025-03-22 15:13:08, INFO: Path left: 70.14894913887889
2025-03-22 15:13:08, INFO: Actions: 25
2025-03-22 15:13:08, INFO: Coordinates: -0.39674147218465805 -9.513460698537529
2025-03-22 15:13:08, INFO: Stops times: 0

2025-03-22 15:13:10, INFO: human number: 8
2025-03-22 15:13:11, INFO: running 51/3600 episode, simulation environment: circle_static
2025-03-22 15:13:11, INFO: 51/3600 episode: Collision! Total Reward: -23.506, R_dan: 0.71, R_goal: 0, R_col: -25.0, R_km: -0.15, R_col_wall: 0, R_wall_min_dist: 0.044, R_way_point_dist: 0.57, R_wp: 0.315
2025-03-22 15:13:11, INFO: Path length: 9.287851837075152
2025-03-22 15:13:11, INFO: Path left: 71.05157731735667
2025-03-22 15:13:11, INFO: Actions: 19
2025-03-22 15:13:11, INFO: Coordinates: 0.5887095332145691 -9.005448505282402
2025-03-22 15:13:11, INFO: Stops times: 0

2025-03-22 15:13:13, INFO: human number: 8
2025-03-22 15:13:13, INFO: running 52/3600 episode, simulation environment: no
2025-03-22 15:13:13, INFO: 52/3600 episode: Success! Total Reward: 19.522, R_dan: 5.3, R_goal: 10.0, R_col: 0, R_km: 3.1, R_col_wall: 0, R_wall_min_dist: -13.762, R_way_point_dist: 3.18, R_wp: 11.7
2025-03-22 15:13:13, INFO: Path length: 72.55867934032906
2025-03-22 15:13:13, INFO: Path left: 0
2025-03-22 15:13:13, INFO: Actions: 106
2025-03-22 15:13:13, INFO: Coordinates: -9.035543277859688 30.745487678796053
2025-03-22 15:13:13, INFO: Stops times: 4

2025-03-22 15:13:16, INFO: human number: 8
2025-03-22 15:13:16, INFO: running 53/3600 episode, simulation environment: circle_crossing
2025-03-22 15:13:17, INFO: 53/3600 episode: Collision! Total Reward: -23.51, R_dan: 0.59, R_goal: 0, R_col: -25.0, R_km: 0.05, R_col_wall: 0, R_wall_min_dist: -0.157, R_way_point_dist: 0.69, R_wp: 0.315
2025-03-22 15:13:17, INFO: Path length: 10.303234206230202
2025-03-22 15:13:17, INFO: Path left: 70.12656776093614
2025-03-22 15:13:17, INFO: Actions: 23
2025-03-22 15:13:17, INFO: Coordinates: -0.3288820907473564 -8.554504720494151
2025-03-22 15:13:17, INFO: Stops times: 0

2025-03-22 15:13:19, INFO: human number: 8
2025-03-22 15:13:19, INFO: running 54/3600 episode, simulation environment: circle_static
2025-03-22 15:13:22, INFO: 54/3600 episode: Timeout! Total Reward: -38.997, R_dan: 11.25, R_goal: 0, R_col: 0, R_km: -52.6, R_col_wall: 0, R_wall_min_dist: -16.221, R_way_point_dist: 6.87, R_wp: 11.7
2025-03-22 15:13:22, INFO: Path length: 83.5905424156965
2025-03-22 15:13:22, INFO: Path left: 4.532676092688624
2025-03-22 15:13:22, INFO: Actions: 257
2025-03-22 15:13:22, INFO: Coordinates: -14.5562391350104 28.86259185027302
2025-03-22 15:13:22, INFO: Stops times: 47

2025-03-22 15:13:24, INFO: human number: 8
2025-03-22 15:13:24, INFO: running 55/3600 episode, simulation environment: no
2025-03-22 15:13:24, INFO: 55/3600 episode: Success! Total Reward: 19.522, R_dan: 5.3, R_goal: 10.0, R_col: 0, R_km: 3.1, R_col_wall: 0, R_wall_min_dist: -13.762, R_way_point_dist: 3.18, R_wp: 11.7
2025-03-22 15:13:24, INFO: Path length: 72.55867934032906
2025-03-22 15:13:24, INFO: Path left: 0
2025-03-22 15:13:24, INFO: Actions: 106
2025-03-22 15:13:24, INFO: Coordinates: -9.035543277859688 30.745487678796053
2025-03-22 15:13:24, INFO: Stops times: 4

2025-03-22 15:13:27, INFO: human number: 8
2025-03-22 15:13:27, INFO: running 56/3600 episode, simulation environment: circle_crossing
2025-03-22 15:13:29, INFO: 56/3600 episode: Success! Total Reward: 26.776, R_dan: 6.47, R_goal: 10.0, R_col: 0, R_km: 1.0, R_col_wall: 0, R_wall_min_dist: -7.294, R_way_point_dist: 4.89, R_wp: 11.7
2025-03-22 15:13:29, INFO: Path length: 76.80581820644048
2025-03-22 15:13:29, INFO: Path left: 0
2025-03-22 15:13:29, INFO: Actions: 163
2025-03-22 15:13:29, INFO: Coordinates: -9.78140547638759 30.530907620675862
2025-03-22 15:13:29, INFO: Stops times: 0

2025-03-22 15:13:31, INFO: human number: 8
2025-03-22 15:13:32, INFO: running 57/3600 episode, simulation environment: circle_static
2025-03-22 15:13:32, INFO: 57/3600 episode: Collision! Total Reward: -24.599, R_dan: 0.36, R_goal: 0, R_col: -25.0, R_km: -0.5, R_col_wall: 0, R_wall_min_dist: 0.026, R_way_point_dist: 0.36, R_wp: 0.15
2025-03-22 15:13:32, INFO: Path length: 5.6917543525178065
2025-03-22 15:13:32, INFO: Path left: 74.92024928983302
2025-03-22 15:13:32, INFO: Actions: 12
2025-03-22 15:13:32, INFO: Coordinates: 4.3587930127978325 -9.569974407553673
2025-03-22 15:13:32, INFO: Stops times: 0

2025-03-22 15:13:35, INFO: human number: 8
2025-03-22 15:13:35, INFO: running 58/3600 episode, simulation environment: no
2025-03-22 15:13:35, INFO: 58/3600 episode: Success! Total Reward: 19.522, R_dan: 5.3, R_goal: 10.0, R_col: 0, R_km: 3.1, R_col_wall: 0, R_wall_min_dist: -13.762, R_way_point_dist: 3.18, R_wp: 11.7
2025-03-22 15:13:35, INFO: Path length: 72.55867934032906
2025-03-22 15:13:35, INFO: Path left: 0
2025-03-22 15:13:35, INFO: Actions: 106
2025-03-22 15:13:35, INFO: Coordinates: -9.035543277859688 30.745487678796053
2025-03-22 15:13:35, INFO: Stops times: 4

2025-03-22 15:13:37, INFO: human number: 8
2025-03-22 15:13:38, INFO: running 59/3600 episode, simulation environment: circle_crossing
2025-03-22 15:13:38, INFO: 59/3600 episode: Collision! Total Reward: -24.609, R_dan: 0.71, R_goal: 0, R_col: -25.0, R_km: -0.7, R_col_wall: 0, R_wall_min_dist: -0.508, R_way_point_dist: 0.57, R_wp: 0.315
2025-03-22 15:13:38, INFO: Path length: 9.933058874414083
2025-03-22 15:13:38, INFO: Path left: 70.10048568750105
2025-03-22 15:13:38, INFO: Actions: 19
2025-03-22 15:13:38, INFO: Coordinates: -0.4296014532446861 -7.962011290714145
2025-03-22 15:13:38, INFO: Stops times: 1

2025-03-22 15:13:41, INFO: human number: 8
2025-03-22 15:13:41, INFO: running 60/3600 episode, simulation environment: circle_static
2025-03-22 15:13:42, INFO: 60/3600 episode: Collision! Total Reward: -21.536, R_dan: 1.0, R_goal: 0, R_col: -25.0, R_km: -0.15, R_col_wall: 0, R_wall_min_dist: -0.318, R_way_point_dist: 1.56, R_wp: 1.365
2025-03-22 15:13:42, INFO: Path length: 23.686732848754747
2025-03-22 15:13:42, INFO: Path left: 56.252232085804096
2025-03-22 15:13:42, INFO: Actions: 52
2025-03-22 15:13:42, INFO: Coordinates: -10.281622901558876 -0.5441305302083492
2025-03-22 15:13:42, INFO: Stops times: 0

2025-03-22 15:13:44, INFO: human number: 8
2025-03-22 15:13:44, INFO: running 61/3600 episode, simulation environment: no
2025-03-22 15:13:44, INFO: 61/3600 episode: Success! Total Reward: 19.522, R_dan: 5.3, R_goal: 10.0, R_col: 0, R_km: 3.1, R_col_wall: 0, R_wall_min_dist: -13.762, R_way_point_dist: 3.18, R_wp: 11.7
2025-03-22 15:13:44, INFO: Path length: 72.55867934032906
2025-03-22 15:13:44, INFO: Path left: 0
2025-03-22 15:13:44, INFO: Actions: 106
2025-03-22 15:13:44, INFO: Coordinates: -9.035543277859688 30.745487678796053
2025-03-22 15:13:44, INFO: Stops times: 4

2025-03-22 15:13:47, INFO: human number: 8
2025-03-22 15:13:47, INFO: running 62/3600 episode, simulation environment: circle_crossing
2025-03-22 15:13:48, INFO: 62/3600 episode: Collision! Total Reward: -25.345, R_dan: 0.19, R_goal: 0, R_col: -25.0, R_km: -1.05, R_col_wall: 0, R_wall_min_dist: -0.603, R_way_point_dist: 0.69, R_wp: 0.42
2025-03-22 15:13:48, INFO: Path length: 11.06912784255049
2025-03-22 15:13:48, INFO: Path left: 68.95987722317683
2025-03-22 15:13:48, INFO: Actions: 23
2025-03-22 15:13:48, INFO: Coordinates: -1.1875825300812721 -7.801010236144066
2025-03-22 15:13:48, INFO: Stops times: 0

2025-03-22 15:13:50, INFO: human number: 8
2025-03-22 15:13:50, INFO: running 63/3600 episode, simulation environment: circle_static
2025-03-22 15:13:52, INFO: 63/3600 episode: Success! Total Reward: 23.31, R_dan: 5.84, R_goal: 10.0, R_col: 0, R_km: -4.8, R_col_wall: 0, R_wall_min_dist: -4.129, R_way_point_dist: 4.69, R_wp: 11.7
2025-03-22 15:13:52, INFO: Path length: 81.01147097487483
2025-03-22 15:13:52, INFO: Path left: 0
2025-03-22 15:13:52, INFO: Actions: 168
2025-03-22 15:13:52, INFO: Coordinates: -9.454499050043523 30.917429726570845
2025-03-22 15:13:52, INFO: Stops times: 1

2025-03-22 15:13:55, INFO: human number: 8
2025-03-22 15:13:55, INFO: running 64/3600 episode, simulation environment: no
2025-03-22 15:13:55, INFO: 64/3600 episode: Success! Total Reward: 19.522, R_dan: 5.3, R_goal: 10.0, R_col: 0, R_km: 3.1, R_col_wall: 0, R_wall_min_dist: -13.762, R_way_point_dist: 3.18, R_wp: 11.7
2025-03-22 15:13:55, INFO: Path length: 72.55867934032906
2025-03-22 15:13:55, INFO: Path left: 0
2025-03-22 15:13:55, INFO: Actions: 106
2025-03-22 15:13:55, INFO: Coordinates: -9.035543277859688 30.745487678796053
2025-03-22 15:13:55, INFO: Stops times: 4

2025-03-22 15:13:57, INFO: human number: 8
2025-03-22 15:13:58, INFO: running 65/3600 episode, simulation environment: circle_crossing
2025-03-22 15:13:58, INFO: 65/3600 episode: Collision! Total Reward: -25.155, R_dan: 0.24, R_goal: 0, R_col: -25.0, R_km: -0.7, R_col_wall: 0, R_wall_min_dist: 0.017, R_way_point_dist: 0.24, R_wp: 0.045
2025-03-22 15:13:58, INFO: Path length: 2.7220010463418585
2025-03-22 15:13:58, INFO: Path left: 77.68695415739349
2025-03-22 15:13:58, INFO: Actions: 8
2025-03-22 15:13:58, INFO: Coordinates: 7.035760335624218 -10.326165489852428
2025-03-22 15:13:58, INFO: Stops times: 0

2025-03-22 15:14:00, INFO: human number: 8
2025-03-22 15:14:01, INFO: running 66/3600 episode, simulation environment: circle_static
2025-03-22 15:14:02, INFO: 66/3600 episode: Success! Total Reward: 25.146, R_dan: 5.37, R_goal: 10.0, R_col: 0, R_km: 3.65, R_col_wall: 0, R_wall_min_dist: -9.086, R_way_point_dist: 3.51, R_wp: 11.7
2025-03-22 15:14:02, INFO: Path length: 74.46019148220483
2025-03-22 15:14:02, INFO: Path left: 0
2025-03-22 15:14:02, INFO: Actions: 117
2025-03-22 15:14:02, INFO: Coordinates: -8.723734389990568 30.764899550005794
2025-03-22 15:14:02, INFO: Stops times: 2

2025-03-22 15:14:05, INFO: human number: 8
2025-03-22 15:14:05, INFO: running 67/3600 episode, simulation environment: no
2025-03-22 15:14:05, INFO: 67/3600 episode: Success! Total Reward: 19.522, R_dan: 5.3, R_goal: 10.0, R_col: 0, R_km: 3.1, R_col_wall: 0, R_wall_min_dist: -13.762, R_way_point_dist: 3.18, R_wp: 11.7
2025-03-22 15:14:05, INFO: Path length: 72.55867934032906
2025-03-22 15:14:05, INFO: Path left: 0
2025-03-22 15:14:05, INFO: Actions: 106
2025-03-22 15:14:05, INFO: Coordinates: -9.035543277859688 30.745487678796053
2025-03-22 15:14:05, INFO: Stops times: 4

2025-03-22 15:14:07, INFO: human number: 8
2025-03-22 15:14:08, INFO: running 68/3600 episode, simulation environment: circle_crossing
2025-03-22 15:14:08, INFO: 68/3600 episode: Collision! Total Reward: -21.556, R_dan: 1.19, R_goal: 0, R_col: -25.0, R_km: 0.65, R_col_wall: 0, R_wall_min_dist: -0.276, R_way_point_dist: 1.05, R_wp: 0.825
2025-03-22 15:14:08, INFO: Path length: 17.914763035921375
2025-03-22 15:14:08, INFO: Path left: 61.73661224071051
2025-03-22 15:14:08, INFO: Actions: 35
2025-03-22 15:14:08, INFO: Coordinates: -7.330910727381706 -5.580268325284123
2025-03-22 15:14:08, INFO: Stops times: 0

2025-03-22 15:14:11, INFO: human number: 8
2025-03-22 15:14:11, INFO: running 69/3600 episode, simulation environment: circle_static
2025-03-22 15:14:13, INFO: 69/3600 episode: Success! Total Reward: 30.56, R_dan: 5.97, R_goal: 10.0, R_col: 0, R_km: 4.65, R_col_wall: 0, R_wall_min_dist: -5.858, R_way_point_dist: 4.11, R_wp: 11.7
2025-03-22 15:14:13, INFO: Path length: 78.12390493009862
2025-03-22 15:14:13, INFO: Path left: 0
2025-03-22 15:14:13, INFO: Actions: 137
2025-03-22 15:14:13, INFO: Coordinates: -10.064048913307488 30.45523094199598
2025-03-22 15:14:13, INFO: Stops times: 0

2025-03-22 15:14:15, INFO: human number: 8
2025-03-22 15:14:15, INFO: running 70/3600 episode, simulation environment: no
2025-03-22 15:14:15, INFO: 70/3600 episode: Success! Total Reward: 19.522, R_dan: 5.3, R_goal: 10.0, R_col: 0, R_km: 3.1, R_col_wall: 0, R_wall_min_dist: -13.762, R_way_point_dist: 3.18, R_wp: 11.7
2025-03-22 15:14:15, INFO: Path length: 72.55867934032906
2025-03-22 15:14:15, INFO: Path left: 0
2025-03-22 15:14:15, INFO: Actions: 106
2025-03-22 15:14:15, INFO: Coordinates: -9.035543277859688 30.745487678796053
2025-03-22 15:14:15, INFO: Stops times: 4

2025-03-22 15:14:18, INFO: human number: 8
2025-03-22 15:14:18, INFO: running 71/3600 episode, simulation environment: circle_crossing
2025-03-22 15:14:19, INFO: 71/3600 episode: Collision! Total Reward: -15.027, R_dan: 2.39, R_goal: 0, R_col: -25.0, R_km: 3.2, R_col_wall: 0, R_wall_min_dist: -1.04, R_way_point_dist: 2.25, R_wp: 3.15
2025-03-22 15:14:19, INFO: Path length: 37.479680760648996
2025-03-22 15:14:19, INFO: Path left: 41.89406025609048
2025-03-22 15:14:19, INFO: Actions: 75
2025-03-22 15:14:19, INFO: Coordinates: -2.1749519906006753 10.133959174156189
2025-03-22 15:14:19, INFO: Stops times: 0

2025-03-22 15:14:21, INFO: human number: 8
2025-03-22 15:14:22, INFO: running 72/3600 episode, simulation environment: circle_static
2025-03-22 15:14:23, INFO: 72/3600 episode: Collision! Total Reward: -17.59, R_dan: 1.61, R_goal: 0, R_col: -25.0, R_km: 2.9, R_col_wall: 0, R_wall_min_dist: -1.486, R_way_point_dist: 2.07, R_wp: 2.295
2025-03-22 15:14:23, INFO: Path length: 31.501349370458733
2025-03-22 15:14:23, INFO: Path left: 47.97938011740744
2025-03-22 15:14:23, INFO: Actions: 69
2025-03-22 15:14:23, INFO: Coordinates: -7.451757539063692 7.480813117697835
2025-03-22 15:14:23, INFO: Stops times: 0

2025-03-22 15:14:25, INFO: human number: 8
2025-03-22 15:14:25, INFO: running 73/3600 episode, simulation environment: no
2025-03-22 15:14:25, INFO: 73/3600 episode: Success! Total Reward: 19.522, R_dan: 5.3, R_goal: 10.0, R_col: 0, R_km: 3.1, R_col_wall: 0, R_wall_min_dist: -13.762, R_way_point_dist: 3.18, R_wp: 11.7
2025-03-22 15:14:25, INFO: Path length: 72.55867934032906
2025-03-22 15:14:25, INFO: Path left: 0
2025-03-22 15:14:25, INFO: Actions: 106
2025-03-22 15:14:25, INFO: Coordinates: -9.035543277859688 30.745487678796053
2025-03-22 15:14:25, INFO: Stops times: 4

2025-03-22 15:14:28, INFO: human number: 8
2025-03-22 15:14:28, INFO: running 74/3600 episode, simulation environment: circle_crossing
2025-03-22 15:14:29, INFO: 74/3600 episode: Collision! Total Reward: -22.982, R_dan: -0.15, R_goal: 0, R_col: -25.0, R_km: 0.2, R_col_wall: 0, R_wall_min_dist: -0.136, R_way_point_dist: 1.11, R_wp: 0.99
2025-03-22 15:14:29, INFO: Path length: 18.465305565975193
2025-03-22 15:14:29, INFO: Path left: 61.29436988094432
2025-03-22 15:14:29, INFO: Actions: 37
2025-03-22 15:14:29, INFO: Coordinates: -7.396831821650267 -5.214773331768811
2025-03-22 15:14:29, INFO: Stops times: 0

2025-03-22 15:14:31, INFO: human number: 8
2025-03-22 15:14:31, INFO: running 75/3600 episode, simulation environment: circle_static
2025-03-22 15:14:32, INFO: 75/3600 episode: Collision! Total Reward: -24.181, R_dan: 0.54, R_goal: 0, R_col: -25.0, R_km: -0.4, R_col_wall: 0, R_wall_min_dist: 0.03, R_way_point_dist: 0.42, R_wp: 0.225
2025-03-22 15:14:32, INFO: Path length: 8.430208324716931
2025-03-22 15:14:32, INFO: Path left: 72.07704425679707
2025-03-22 15:14:32, INFO: Actions: 14
2025-03-22 15:14:32, INFO: Coordinates: 1.515581764280796 -9.010035712271929
2025-03-22 15:14:32, INFO: Stops times: 1

2025-03-22 15:14:34, INFO: human number: 8
2025-03-22 15:14:34, INFO: running 76/3600 episode, simulation environment: no
2025-03-22 15:14:34, INFO: 76/3600 episode: Success! Total Reward: 19.522, R_dan: 5.3, R_goal: 10.0, R_col: 0, R_km: 3.1, R_col_wall: 0, R_wall_min_dist: -13.762, R_way_point_dist: 3.18, R_wp: 11.7
2025-03-22 15:14:34, INFO: Path length: 72.55867934032906
2025-03-22 15:14:34, INFO: Path left: 0
2025-03-22 15:14:34, INFO: Actions: 106
2025-03-22 15:14:34, INFO: Coordinates: -9.035543277859688 30.745487678796053
2025-03-22 15:14:34, INFO: Stops times: 4

2025-03-22 15:14:37, INFO: human number: 8
2025-03-22 15:14:37, INFO: running 77/3600 episode, simulation environment: circle_crossing
