2025-03-22 15:11:04, INFO: Using device: cuda:0
2025-03-22 15:11:04, INFO: Policy: SARL w/o global state
2025-03-22 15:11:06, INFO: human number: 8
2025-03-22 15:11:06, INFO: Randomize human's radius and preferred speed
2025-03-22 15:11:06, INFO: Training simulation: circle_crossing, test simulation: circle_crossing
2025-03-22 15:11:06, INFO: Square width: 10.0, circle width: 8.0
2025-03-22 15:11:06, INFO: Current learning rate: 0.000010
2025-03-22 15:11:09, INFO: human number: 8
2025-03-22 15:11:09, INFO: running 1/3600 episode, simulation environment: no
2025-03-22 15:11:10, INFO: 1/3600 episode: Success! Total Reward: 19.522, R_dan: 5.3, R_goal: 10.0, R_col: 0, R_km: 3.1, R_col_wall: 0, R_wall_min_dist: -13.762, R_way_point_dist: 3.18, R_wp: 11.7
2025-03-22 15:11:10, INFO: Path length: 72.55867934032906
2025-03-22 15:11:10, INFO: Path left: 0
2025-03-22 15:11:10, INFO: Actions: 106
2025-03-22 15:11:10, INFO: Coordinates: -9.035543277859688 30.745487678796053
2025-03-22 15:11:10, INFO: Stops times: 4

2025-03-22 15:11:12, INFO: human number: 8
2025-03-22 15:11:13, INFO: running 2/3600 episode, simulation environment: circle_crossing
2025-03-22 15:11:15, INFO: 2/3600 episode: Success! Total Reward: 32.624, R_dan: 6.91, R_goal: 10.0, R_col: 0, R_km: 4.1, R_col_wall: 0, R_wall_min_dist: -4.634, R_way_point_dist: 4.56, R_wp: 11.7
2025-03-22 15:11:15, INFO: Path length: 78.02156335276347
2025-03-22 15:11:15, INFO: Path left: 0
2025-03-22 15:11:15, INFO: Actions: 159
2025-03-22 15:11:15, INFO: Coordinates: -9.861165802925825 31.637529181316495
2025-03-22 15:11:15, INFO: Stops times: 0

2025-03-22 15:11:17, INFO: human number: 8
2025-03-22 15:11:17, INFO: running 3/3600 episode, simulation environment: circle_static
2025-03-22 15:11:19, INFO: 3/3600 episode: Collision! Total Reward: -11.696, R_dan: 3.6, R_goal: 0, R_col: -25.0, R_km: 3.4, R_col_wall: 0, R_wall_min_dist: -2.671, R_way_point_dist: 3.29, R_wp: 5.67
2025-03-22 15:11:19, INFO: Path length: 51.20302003883551
2025-03-22 15:11:19, INFO: Path left: 27.145649437092132
2025-03-22 15:11:19, INFO: Actions: 112
2025-03-22 15:11:19, INFO: Coordinates: 7.502163724042475 18.67429647129029
2025-03-22 15:11:19, INFO: Stops times: 0

2025-03-22 15:11:21, INFO: human number: 8
2025-03-22 15:11:21, INFO: running 4/3600 episode, simulation environment: no
2025-03-22 15:11:21, INFO: 4/3600 episode: Success! Total Reward: 19.522, R_dan: 5.3, R_goal: 10.0, R_col: 0, R_km: 3.1, R_col_wall: 0, R_wall_min_dist: -13.762, R_way_point_dist: 3.18, R_wp: 11.7
2025-03-22 15:11:21, INFO: Path length: 72.55867934032906
2025-03-22 15:11:21, INFO: Path left: 0
2025-03-22 15:11:21, INFO: Actions: 106
2025-03-22 15:11:21, INFO: Coordinates: -9.035543277859688 30.745487678796053
2025-03-22 15:11:21, INFO: Stops times: 4

2025-03-22 15:11:24, INFO: human number: 8
2025-03-22 15:11:24, INFO: running 5/3600 episode, simulation environment: circle_crossing
2025-03-22 15:11:25, INFO: 5/3600 episode: Collision! Total Reward: -20.633, R_dan: 1.34, R_goal: 0, R_col: -25.0, R_km: 0.8, R_col_wall: 0, R_wall_min_dist: 0.092, R_way_point_dist: 1.14, R_wp: 0.99
2025-03-22 15:11:25, INFO: Path length: 19.194132659218024
2025-03-22 15:11:25, INFO: Path left: 60.80511352850122
2025-03-22 15:11:25, INFO: Actions: 38
2025-03-22 15:11:25, INFO: Coordinates: -7.850720785558224 -4.875071451533586
2025-03-22 15:11:25, INFO: Stops times: 0

2025-03-22 15:11:27, INFO: human number: 8
2025-03-22 15:11:28, INFO: running 6/3600 episode, simulation environment: circle_static
2025-03-22 15:11:28, INFO: 6/3600 episode: Collision! Total Reward: -24.976, R_dan: 0.77, R_goal: 0, R_col: -25.0, R_km: 0.95, R_col_wall: 0, R_wall_min_dist: -4.099, R_way_point_dist: 1.23, R_wp: 1.17
2025-03-22 15:11:28, INFO: Path length: 19.764824006045757
2025-03-22 15:11:28, INFO: Path left: 58.940179007503694
2025-03-22 15:11:28, INFO: Actions: 41
2025-03-22 15:11:28, INFO: Coordinates: -7.37642877548933 -2.786970840767026
2025-03-22 15:11:28, INFO: Stops times: 0

2025-03-22 15:11:30, INFO: human number: 8
2025-03-22 15:11:30, INFO: running 7/3600 episode, simulation environment: no
2025-03-22 15:11:31, INFO: 7/3600 episode: Success! Total Reward: 19.522, R_dan: 5.3, R_goal: 10.0, R_col: 0, R_km: 3.1, R_col_wall: 0, R_wall_min_dist: -13.762, R_way_point_dist: 3.18, R_wp: 11.7
2025-03-22 15:11:31, INFO: Path length: 72.55867934032906
2025-03-22 15:11:31, INFO: Path left: 0
2025-03-22 15:11:31, INFO: Actions: 106
2025-03-22 15:11:31, INFO: Coordinates: -9.035543277859688 30.745487678796053
2025-03-22 15:11:31, INFO: Stops times: 4

2025-03-22 15:11:33, INFO: human number: 8
2025-03-22 15:11:34, INFO: running 8/3600 episode, simulation environment: circle_crossing
2025-03-22 15:11:35, INFO: 8/3600 episode: Success! Total Reward: 32.04, R_dan: 6.26, R_goal: 10.0, R_col: 0, R_km: 5.65, R_col_wall: 0, R_wall_min_dist: -5.967, R_way_point_dist: 4.38, R_wp: 11.7
2025-03-22 15:11:35, INFO: Path length: 75.68956384390276
2025-03-22 15:11:35, INFO: Path left: 0
2025-03-22 15:11:35, INFO: Actions: 146
2025-03-22 15:11:35, INFO: Coordinates: -9.121056396514177 30.923043158371
2025-03-22 15:11:35, INFO: Stops times: 0

2025-03-22 15:11:38, INFO: human number: 8
2025-03-22 15:11:38, INFO: running 9/3600 episode, simulation environment: circle_static
2025-03-22 15:11:39, INFO: 9/3600 episode: Collision! Total Reward: -22.769, R_dan: 0.11, R_goal: 0, R_col: -25.0, R_km: 1.25, R_col_wall: 0, R_wall_min_dist: -1.714, R_way_point_dist: 1.41, R_wp: 1.17
2025-03-22 15:11:39, INFO: Path length: 20.762067220788424
2025-03-22 15:11:39, INFO: Path left: 58.4638455354312
2025-03-22 15:11:39, INFO: Actions: 47
2025-03-22 15:11:39, INFO: Coordinates: -7.314599148929119 -2.198967359960079
2025-03-22 15:11:39, INFO: Stops times: 1

2025-03-22 15:11:41, INFO: human number: 8
2025-03-22 15:11:41, INFO: running 10/3600 episode, simulation environment: no
2025-03-22 15:11:41, INFO: 10/3600 episode: Success! Total Reward: 19.522, R_dan: 5.3, R_goal: 10.0, R_col: 0, R_km: 3.1, R_col_wall: 0, R_wall_min_dist: -13.762, R_way_point_dist: 3.18, R_wp: 11.7
2025-03-22 15:11:41, INFO: Path length: 72.55867934032906
2025-03-22 15:11:41, INFO: Path left: 0
2025-03-22 15:11:41, INFO: Actions: 106
2025-03-22 15:11:41, INFO: Coordinates: -9.035543277859688 30.745487678796053
2025-03-22 15:11:41, INFO: Stops times: 4

2025-03-22 15:11:44, INFO: human number: 8
2025-03-22 15:11:44, INFO: running 11/3600 episode, simulation environment: circle_crossing
2025-03-22 15:11:45, INFO: 11/3600 episode: Collision! Total Reward: -24.219, R_dan: -0.37, R_goal: 0, R_col: -25.0, R_km: 0.45, R_col_wall: 0, R_wall_min_dist: -1.056, R_way_point_dist: 0.93, R_wp: 0.825
2025-03-22 15:11:45, INFO: Path length: 15.995763534294428
2025-03-22 15:11:45, INFO: Path left: 63.43238782436638
2025-03-22 15:11:45, INFO: Actions: 31
2025-03-22 15:11:45, INFO: Coordinates: -5.878107115626335 -6.6378297954797745
2025-03-22 15:11:45, INFO: Stops times: 0

2025-03-22 15:11:47, INFO: human number: 8
2025-03-22 15:11:47, INFO: running 12/3600 episode, simulation environment: circle_static
2025-03-22 15:11:48, INFO: 12/3600 episode: Collision! Total Reward: -24.237, R_dan: 0.2, R_goal: 0, R_col: -25.0, R_km: -0.1, R_col_wall: 0, R_wall_min_dist: -0.256, R_way_point_dist: 0.6, R_wp: 0.315
2025-03-22 15:11:48, INFO: Path length: 10.424095335940248
2025-03-22 15:11:48, INFO: Path left: 69.9850843299725
2025-03-22 15:11:48, INFO: Actions: 20
2025-03-22 15:11:48, INFO: Coordinates: -0.4726434461772442 -8.510394498705864
2025-03-22 15:11:48, INFO: Stops times: 0

2025-03-22 15:11:50, INFO: human number: 8
2025-03-22 15:11:50, INFO: running 13/3600 episode, simulation environment: no
2025-03-22 15:11:50, INFO: 13/3600 episode: Success! Total Reward: 19.522, R_dan: 5.3, R_goal: 10.0, R_col: 0, R_km: 3.1, R_col_wall: 0, R_wall_min_dist: -13.762, R_way_point_dist: 3.18, R_wp: 11.7
2025-03-22 15:11:50, INFO: Path length: 72.55867934032906
2025-03-22 15:11:50, INFO: Path left: 0
2025-03-22 15:11:50, INFO: Actions: 106
2025-03-22 15:11:50, INFO: Coordinates: -9.035543277859688 30.745487678796053
2025-03-22 15:11:50, INFO: Stops times: 4

2025-03-22 15:11:52, INFO: human number: 8
2025-03-22 15:11:53, INFO: running 14/3600 episode, simulation environment: circle_crossing
2025-03-22 15:11:53, INFO: 14/3600 episode: Collision! Total Reward: -23.205, R_dan: 1.04, R_goal: 0, R_col: -25.0, R_km: 0.1, R_col_wall: 0, R_wall_min_dist: -0.612, R_way_point_dist: 0.72, R_wp: 0.54
2025-03-22 15:11:53, INFO: Path length: 13.510297300988974
2025-03-22 15:11:53, INFO: Path left: 66.47325851626957
2025-03-22 15:11:53, INFO: Actions: 24
2025-03-22 15:11:53, INFO: Coordinates: -3.286512292921543 -7.459682524204254
2025-03-22 15:11:53, INFO: Stops times: 0

2025-03-22 15:11:56, INFO: human number: 8
2025-03-22 15:11:56, INFO: running 15/3600 episode, simulation environment: circle_static
2025-03-22 15:11:56, INFO: 15/3600 episode: Collision! Total Reward: -23.492, R_dan: 0.67, R_goal: 0, R_col: -25.0, R_km: 0.05, R_col_wall: 0, R_wall_min_dist: -0.442, R_way_point_dist: 0.69, R_wp: 0.54
2025-03-22 15:11:56, INFO: Path length: 13.273761842119338
2025-03-22 15:11:56, INFO: Path left: 66.50424898745528
2025-03-22 15:11:56, INFO: Actions: 23
2025-03-22 15:11:56, INFO: Coordinates: -3.338098458945751 -7.680447770282626
2025-03-22 15:11:56, INFO: Stops times: 0

2025-03-22 15:11:58, INFO: human number: 8
2025-03-22 15:11:58, INFO: running 16/3600 episode, simulation environment: no
2025-03-22 15:11:59, INFO: 16/3600 episode: Success! Total Reward: 19.522, R_dan: 5.3, R_goal: 10.0, R_col: 0, R_km: 3.1, R_col_wall: 0, R_wall_min_dist: -13.762, R_way_point_dist: 3.18, R_wp: 11.7
2025-03-22 15:11:59, INFO: Path length: 72.55867934032906
2025-03-22 15:11:59, INFO: Path left: 0
2025-03-22 15:11:59, INFO: Actions: 106
2025-03-22 15:11:59, INFO: Coordinates: -9.035543277859688 30.745487678796053
2025-03-22 15:11:59, INFO: Stops times: 4

2025-03-22 15:12:01, INFO: human number: 8
2025-03-22 15:12:01, INFO: running 17/3600 episode, simulation environment: circle_crossing
2025-03-22 15:12:03, INFO: 17/3600 episode: Collision! Total Reward: -16.089, R_dan: 1.56, R_goal: 0, R_col: -25.0, R_km: 2.15, R_col_wall: 0, R_wall_min_dist: -0.556, R_way_point_dist: 2.28, R_wp: 3.465
2025-03-22 15:12:03, INFO: Path length: 39.98046088370843
2025-03-22 15:12:03, INFO: Path left: 38.79839092091195
2025-03-22 15:12:03, INFO: Actions: 76
2025-03-22 15:12:03, INFO: Coordinates: 0.732113778591156 11.25530282780528
2025-03-22 15:12:03, INFO: Stops times: 0

2025-03-22 15:12:05, INFO: human number: 8
2025-03-22 15:12:05, INFO: running 18/3600 episode, simulation environment: circle_static
2025-03-22 15:12:06, INFO: 18/3600 episode: Collision! Total Reward: -16.098, R_dan: 2.84, R_goal: 0, R_col: -25.0, R_km: 1.05, R_col_wall: 0, R_wall_min_dist: -0.128, R_way_point_dist: 2.28, R_wp: 2.85
2025-03-22 15:12:06, INFO: Path length: 37.157953060759446
2025-03-22 15:12:06, INFO: Path left: 43.8681058147833
2025-03-22 15:12:06, INFO: Actions: 76
2025-03-22 15:12:06, INFO: Coordinates: -3.22924907784909 8.15889592655003
2025-03-22 15:12:06, INFO: Stops times: 0

2025-03-22 15:12:08, INFO: human number: 8
2025-03-22 15:12:08, INFO: running 19/3600 episode, simulation environment: no
2025-03-22 15:12:09, INFO: 19/3600 episode: Success! Total Reward: 19.522, R_dan: 5.3, R_goal: 10.0, R_col: 0, R_km: 3.1, R_col_wall: 0, R_wall_min_dist: -13.762, R_way_point_dist: 3.18, R_wp: 11.7
2025-03-22 15:12:09, INFO: Path length: 72.55867934032906
2025-03-22 15:12:09, INFO: Path left: 0
2025-03-22 15:12:09, INFO: Actions: 106
2025-03-22 15:12:09, INFO: Coordinates: -9.035543277859688 30.745487678796053
2025-03-22 15:12:09, INFO: Stops times: 4

2025-03-22 15:12:11, INFO: human number: 8
2025-03-22 15:12:11, INFO: running 20/3600 episode, simulation environment: circle_crossing
2025-03-22 15:12:12, INFO: 20/3600 episode: Collision! Total Reward: -25.261, R_dan: 0.39, R_goal: 0, R_col: -25.0, R_km: -1.1, R_col_wall: 0, R_wall_min_dist: 0.024, R_way_point_dist: 0.33, R_wp: 0.09
2025-03-22 15:12:12, INFO: Path length: 4.044643761041285
2025-03-22 15:12:12, INFO: Path left: 76.4225213467041
2025-03-22 15:12:12, INFO: Actions: 11
2025-03-22 15:12:12, INFO: Coordinates: 5.81217085570097 -10.154717171564698
2025-03-22 15:12:12, INFO: Stops times: 0

2025-03-22 15:12:14, INFO: human number: 8
2025-03-22 15:12:14, INFO: running 21/3600 episode, simulation environment: circle_static
2025-03-22 15:12:14, INFO: 21/3600 episode: Collision! Total Reward: -26.247, R_dan: 0.36, R_goal: 0, R_col: -25.0, R_km: -2.15, R_col_wall: 0, R_wall_min_dist: 0.026, R_way_point_dist: 0.36, R_wp: 0.15
2025-03-22 15:12:14, INFO: Path length: 5.34662812642616
2025-03-22 15:12:14, INFO: Path left: 74.61430134929348
2025-03-22 15:12:14, INFO: Actions: 12
2025-03-22 15:12:14, INFO: Coordinates: 4.052914187312126 -9.563033196143806
2025-03-22 15:12:14, INFO: Stops times: 1

2025-03-22 15:12:17, INFO: human number: 8
2025-03-22 15:12:17, INFO: running 22/3600 episode, simulation environment: no
2025-03-22 15:12:17, INFO: 22/3600 episode: Success! Total Reward: 19.522, R_dan: 5.3, R_goal: 10.0, R_col: 0, R_km: 3.1, R_col_wall: 0, R_wall_min_dist: -13.762, R_way_point_dist: 3.18, R_wp: 11.7
2025-03-22 15:12:17, INFO: Path length: 72.55867934032906
2025-03-22 15:12:17, INFO: Path left: 0
2025-03-22 15:12:17, INFO: Actions: 106
2025-03-22 15:12:17, INFO: Coordinates: -9.035543277859688 30.745487678796053
2025-03-22 15:12:17, INFO: Stops times: 4

2025-03-22 15:12:19, INFO: human number: 8
2025-03-22 15:12:20, INFO: running 23/3600 episode, simulation environment: circle_crossing
2025-03-22 15:12:20, INFO: 23/3600 episode: Collision! Total Reward: -23.796, R_dan: 0.0, R_goal: 0, R_col: -25.0, R_km: 0.1, R_col_wall: 0, R_wall_min_dist: -0.156, R_way_point_dist: 0.72, R_wp: 0.54
2025-03-22 15:12:20, INFO: Path length: 12.455301305473778
2025-03-22 15:12:20, INFO: Path left: 67.44201633475859
2025-03-22 15:12:20, INFO: Actions: 24
2025-03-22 15:12:20, INFO: Coordinates: -2.6215775385499 -8.369279935956001
2025-03-22 15:12:20, INFO: Stops times: 0

2025-03-22 15:12:22, INFO: human number: 8
2025-03-22 15:12:22, INFO: running 24/3600 episode, simulation environment: circle_static
2025-03-22 15:12:24, INFO: 24/3600 episode: Success! Total Reward: 9.324, R_dan: 4.61, R_goal: 10.0, R_col: 0, R_km: -10.8, R_col_wall: 0, R_wall_min_dist: -10.724, R_way_point_dist: 4.51, R_wp: 11.7
2025-03-22 15:12:24, INFO: Path length: 81.52151800815865
2025-03-22 15:12:24, INFO: Path left: 0
2025-03-22 15:12:24, INFO: Actions: 169
2025-03-22 15:12:24, INFO: Coordinates: -9.466904377331957 31.037324498873204
2025-03-22 15:12:24, INFO: Stops times: 1

2025-03-22 15:12:26, INFO: human number: 8
2025-03-22 15:12:26, INFO: running 25/3600 episode, simulation environment: no
2025-03-22 15:12:27, INFO: 25/3600 episode: Success! Total Reward: 19.522, R_dan: 5.3, R_goal: 10.0, R_col: 0, R_km: 3.1, R_col_wall: 0, R_wall_min_dist: -13.762, R_way_point_dist: 3.18, R_wp: 11.7
2025-03-22 15:12:27, INFO: Path length: 72.55867934032906
2025-03-22 15:12:27, INFO: Path left: 0
2025-03-22 15:12:27, INFO: Actions: 106
2025-03-22 15:12:27, INFO: Coordinates: -9.035543277859688 30.745487678796053
2025-03-22 15:12:27, INFO: Stops times: 4

2025-03-22 15:12:29, INFO: human number: 8
2025-03-22 15:12:30, INFO: running 26/3600 episode, simulation environment: circle_crossing
2025-03-22 15:12:30, INFO: 26/3600 episode: Collision! Total Reward: -23.407, R_dan: 0.59, R_goal: 0, R_col: -25.0, R_km: 0.2, R_col_wall: 0, R_wall_min_dist: 0.033, R_way_point_dist: 0.45, R_wp: 0.315
2025-03-22 15:12:30, INFO: Path length: 9.256482474034282
2025-03-22 15:12:30, INFO: Path left: 71.17303056722648
2025-03-22 15:12:30, INFO: Actions: 15
2025-03-22 15:12:30, INFO: Coordinates: 0.6604197472333908 -9.442962260916829
2025-03-22 15:12:30, INFO: Stops times: 0

2025-03-22 15:12:32, INFO: human number: 8
2025-03-22 15:12:32, INFO: running 27/3600 episode, simulation environment: circle_static
2025-03-22 15:12:33, INFO: 27/3600 episode: Collision! Total Reward: -21.932, R_dan: 1.53, R_goal: 0, R_col: -25.0, R_km: 1.3, R_col_wall: 0, R_wall_min_dist: -1.866, R_way_point_dist: 1.11, R_wp: 0.99
2025-03-22 15:12:33, INFO: Path length: 18.932446215996862
2025-03-22 15:12:33, INFO: Path left: 60.523952430685846
2025-03-22 15:12:33, INFO: Actions: 37
2025-03-22 15:12:33, INFO: Coordinates: -6.876202404499054 -4.007995749590918
2025-03-22 15:12:33, INFO: Stops times: 0

2025-03-22 15:12:35, INFO: human number: 8
2025-03-22 15:12:35, INFO: running 28/3600 episode, simulation environment: no
2025-03-22 15:12:35, INFO: 28/3600 episode: Success! Total Reward: 19.522, R_dan: 5.3, R_goal: 10.0, R_col: 0, R_km: 3.1, R_col_wall: 0, R_wall_min_dist: -13.762, R_way_point_dist: 3.18, R_wp: 11.7
2025-03-22 15:12:35, INFO: Path length: 72.55867934032906
2025-03-22 15:12:35, INFO: Path left: 0
2025-03-22 15:12:35, INFO: Actions: 106
2025-03-22 15:12:35, INFO: Coordinates: -9.035543277859688 30.745487678796053
2025-03-22 15:12:35, INFO: Stops times: 4

2025-03-22 15:12:38, INFO: human number: 8
2025-03-22 15:12:38, INFO: running 29/3600 episode, simulation environment: circle_crossing
2025-03-22 15:12:38, INFO: 29/3600 episode: Collision! Total Reward: -24.792, R_dan: 0.31, R_goal: 0, R_col: -25.0, R_km: -0.55, R_col_wall: 0, R_wall_min_dist: 0.024, R_way_point_dist: 0.33, R_wp: 0.09
2025-03-22 15:12:38, INFO: Path length: 4.5372263088801486
2025-03-22 15:12:38, INFO: Path left: 75.94410950491212
2025-03-22 15:12:38, INFO: Actions: 11
2025-03-22 15:12:38, INFO: Coordinates: 5.314554370939732 -10.226809311658144
2025-03-22 15:12:38, INFO: Stops times: 0

2025-03-22 15:12:41, INFO: human number: 8
2025-03-22 15:12:41, INFO: running 30/3600 episode, simulation environment: circle_static
2025-03-22 15:12:41, INFO: 30/3600 episode: Collision! Total Reward: -25.287, R_dan: 0.19, R_goal: 0, R_col: -25.0, R_km: -0.75, R_col_wall: 0, R_wall_min_dist: 0.015, R_way_point_dist: 0.21, R_wp: 0.045
2025-03-22 15:12:41, INFO: Path length: 1.8969755191692328
2025-03-22 15:12:41, INFO: Path left: 78.4984537625405
2025-03-22 15:12:41, INFO: Actions: 7
2025-03-22 15:12:41, INFO: Coordinates: 7.848804600536823 -10.402771232649684
2025-03-22 15:12:41, INFO: Stops times: 0

2025-03-22 15:12:43, INFO: human number: 8
2025-03-22 15:12:43, INFO: running 31/3600 episode, simulation environment: no
2025-03-22 15:12:44, INFO: 31/3600 episode: Success! Total Reward: 19.522, R_dan: 5.3, R_goal: 10.0, R_col: 0, R_km: 3.1, R_col_wall: 0, R_wall_min_dist: -13.762, R_way_point_dist: 3.18, R_wp: 11.7
2025-03-22 15:12:44, INFO: Path length: 72.55867934032906
2025-03-22 15:12:44, INFO: Path left: 0
2025-03-22 15:12:44, INFO: Actions: 106
2025-03-22 15:12:44, INFO: Coordinates: -9.035543277859688 30.745487678796053
2025-03-22 15:12:44, INFO: Stops times: 4

2025-03-22 15:12:46, INFO: human number: 8
2025-03-22 15:12:46, INFO: running 32/3600 episode, simulation environment: circle_crossing
2025-03-22 15:12:48, INFO: 32/3600 episode: Success! Total Reward: 32.91, R_dan: 6.99, R_goal: 10.0, R_col: 0, R_km: 4.25, R_col_wall: 0, R_wall_min_dist: -4.584, R_way_point_dist: 4.53, R_wp: 11.7
2025-03-22 15:12:48, INFO: Path length: 77.33809588688823
2025-03-22 15:12:48, INFO: Path left: 0
2025-03-22 15:12:48, INFO: Actions: 151
2025-03-22 15:12:48, INFO: Coordinates: -9.746207022108138 31.511963030323386
2025-03-22 15:12:48, INFO: Stops times: 1

2025-03-22 15:12:50, INFO: human number: 8
2025-03-22 15:12:51, INFO: running 33/3600 episode, simulation environment: circle_static
2025-03-22 15:12:52, INFO: 33/3600 episode: Success! Total Reward: 33.318, R_dan: 7.2, R_goal: 10.0, R_col: 0, R_km: 5.25, R_col_wall: 0, R_wall_min_dist: -5.64, R_way_point_dist: 4.8, R_wp: 11.7
2025-03-22 15:12:52, INFO: Path length: 77.44864756398361
2025-03-22 15:12:52, INFO: Path left: 0
2025-03-22 15:12:52, INFO: Actions: 160
2025-03-22 15:12:52, INFO: Coordinates: -9.875488345511258 31.49141226708889
2025-03-22 15:12:52, INFO: Stops times: 0

2025-03-22 15:12:55, INFO: human number: 8
2025-03-22 15:12:55, INFO: running 34/3600 episode, simulation environment: no
2025-03-22 15:12:55, INFO: 34/3600 episode: Success! Total Reward: 19.522, R_dan: 5.3, R_goal: 10.0, R_col: 0, R_km: 3.1, R_col_wall: 0, R_wall_min_dist: -13.762, R_way_point_dist: 3.18, R_wp: 11.7
2025-03-22 15:12:55, INFO: Path length: 72.55867934032906
2025-03-22 15:12:55, INFO: Path left: 0
2025-03-22 15:12:55, INFO: Actions: 106
2025-03-22 15:12:55, INFO: Coordinates: -9.035543277859688 30.745487678796053
2025-03-22 15:12:55, INFO: Stops times: 4

2025-03-22 15:12:57, INFO: human number: 8
2025-03-22 15:12:58, INFO: running 35/3600 episode, simulation environment: circle_crossing
2025-03-22 15:12:58, INFO: 35/3600 episode: Collision! Total Reward: -24.31, R_dan: 0.57, R_goal: 0, R_col: -25.0, R_km: -0.45, R_col_wall: 0, R_wall_min_dist: 0.028, R_way_point_dist: 0.39, R_wp: 0.15
2025-03-22 15:12:58, INFO: Path length: 6.395835540895661
2025-03-22 15:12:58, INFO: Path left: 74.26494203996607
2025-03-22 15:12:58, INFO: Actions: 13
2025-03-22 15:12:58, INFO: Coordinates: 3.6961635425686836 -9.249434798955917
2025-03-22 15:12:58, INFO: Stops times: 0

2025-03-22 15:13:00, INFO: human number: 8
2025-03-22 15:13:00, INFO: running 36/3600 episode, simulation environment: circle_static
2025-03-22 15:13:01, INFO: 36/3600 episode: Collision! Total Reward: -25.07, R_dan: 0.44, R_goal: 0, R_col: -25.0, R_km: -1.05, R_col_wall: 0, R_wall_min_dist: 0.026, R_way_point_dist: 0.36, R_wp: 0.15
2025-03-22 15:13:01, INFO: Path length: 4.731994649777519
2025-03-22 15:13:01, INFO: Path left: 75.1628120752155
2025-03-22 15:13:01, INFO: Actions: 12
2025-03-22 15:13:01, INFO: Coordinates: 4.5224884152412415 -10.378661188064143
2025-03-22 15:13:01, INFO: Stops times: 0

2025-03-22 15:13:03, INFO: human number: 8
2025-03-22 15:13:03, INFO: running 37/3600 episode, simulation environment: no
2025-03-22 15:13:03, INFO: 37/3600 episode: Success! Total Reward: 19.522, R_dan: 5.3, R_goal: 10.0, R_col: 0, R_km: 3.1, R_col_wall: 0, R_wall_min_dist: -13.762, R_way_point_dist: 3.18, R_wp: 11.7
2025-03-22 15:13:03, INFO: Path length: 72.55867934032906
2025-03-22 15:13:03, INFO: Path left: 0
2025-03-22 15:13:03, INFO: Actions: 106
2025-03-22 15:13:03, INFO: Coordinates: -9.035543277859688 30.745487678796053
2025-03-22 15:13:03, INFO: Stops times: 4

2025-03-22 15:13:05, INFO: human number: 8
2025-03-22 15:13:06, INFO: running 38/3600 episode, simulation environment: circle_crossing
2025-03-22 15:13:06, INFO: 38/3600 episode: Collision! Total Reward: -25.155, R_dan: 0.24, R_goal: 0, R_col: -25.0, R_km: -0.7, R_col_wall: 0, R_wall_min_dist: 0.017, R_way_point_dist: 0.24, R_wp: 0.045
2025-03-22 15:13:06, INFO: Path length: 2.717999986944048
2025-03-22 15:13:06, INFO: Path left: 77.66426669785707
2025-03-22 15:13:06, INFO: Actions: 8
2025-03-22 15:13:06, INFO: Coordinates: 7.027184680104256 -10.257270283997059
2025-03-22 15:13:06, INFO: Stops times: 0

2025-03-22 15:13:08, INFO: human number: 8
2025-03-22 15:13:09, INFO: running 39/3600 episode, simulation environment: circle_static
2025-03-22 15:13:09, INFO: 39/3600 episode: Collision! Total Reward: -25.102, R_dan: 0.21, R_goal: 0, R_col: -25.0, R_km: -0.65, R_col_wall: 0, R_wall_min_dist: 0.019, R_way_point_dist: 0.27, R_wp: 0.045
2025-03-22 15:13:09, INFO: Path length: 3.090095412597502
2025-03-22 15:13:09, INFO: Path left: 77.34274289096165
2025-03-22 15:13:09, INFO: Actions: 9
2025-03-22 15:13:09, INFO: Coordinates: 6.733070075511932 -10.080555997788906
2025-03-22 15:13:09, INFO: Stops times: 0

2025-03-22 15:13:11, INFO: human number: 8
2025-03-22 15:13:11, INFO: running 40/3600 episode, simulation environment: no
2025-03-22 15:13:12, INFO: 40/3600 episode: Success! Total Reward: 19.522, R_dan: 5.3, R_goal: 10.0, R_col: 0, R_km: 3.1, R_col_wall: 0, R_wall_min_dist: -13.762, R_way_point_dist: 3.18, R_wp: 11.7
2025-03-22 15:13:12, INFO: Path length: 72.55867934032906
2025-03-22 15:13:12, INFO: Path left: 0
2025-03-22 15:13:12, INFO: Actions: 106
2025-03-22 15:13:12, INFO: Coordinates: -9.035543277859688 30.745487678796053
2025-03-22 15:13:12, INFO: Stops times: 4

2025-03-22 15:13:14, INFO: human number: 8
2025-03-22 15:13:14, INFO: running 41/3600 episode, simulation environment: circle_crossing
2025-03-22 15:13:15, INFO: 41/3600 episode: Collision! Total Reward: -25.011, R_dan: 0.16, R_goal: 0, R_col: -25.0, R_km: -0.85, R_col_wall: 0, R_wall_min_dist: -0.032, R_way_point_dist: 0.48, R_wp: 0.225
2025-03-22 15:13:15, INFO: Path length: 7.997887435721152
2025-03-22 15:13:15, INFO: Path left: 72.59616972070798
2025-03-22 15:13:15, INFO: Actions: 16
2025-03-22 15:13:15, INFO: Coordinates: 2.0122618302702904 -8.769680708646774
2025-03-22 15:13:15, INFO: Stops times: 0

2025-03-22 15:13:17, INFO: human number: 8
2025-03-22 15:13:17, INFO: running 42/3600 episode, simulation environment: circle_static
2025-03-22 15:13:18, INFO: 42/3600 episode: Collision! Total Reward: -22.121, R_dan: 0.74, R_goal: 0, R_col: -25.0, R_km: 0.75, R_col_wall: 0, R_wall_min_dist: 0.062, R_way_point_dist: 0.78, R_wp: 0.54
2025-03-22 15:13:18, INFO: Path length: 13.731758954884674
2025-03-22 15:13:18, INFO: Path left: 66.31196597091785
2025-03-22 15:13:18, INFO: Actions: 26
2025-03-22 15:13:18, INFO: Coordinates: -3.9278855696320534 -8.36936117336154
2025-03-22 15:13:18, INFO: Stops times: 0

2025-03-22 15:13:20, INFO: human number: 8
2025-03-22 15:13:20, INFO: running 43/3600 episode, simulation environment: no
2025-03-22 15:13:20, INFO: 43/3600 episode: Success! Total Reward: 19.522, R_dan: 5.3, R_goal: 10.0, R_col: 0, R_km: 3.1, R_col_wall: 0, R_wall_min_dist: -13.762, R_way_point_dist: 3.18, R_wp: 11.7
2025-03-22 15:13:20, INFO: Path length: 72.55867934032906
2025-03-22 15:13:20, INFO: Path left: 0
2025-03-22 15:13:20, INFO: Actions: 106
2025-03-22 15:13:20, INFO: Coordinates: -9.035543277859688 30.745487678796053
2025-03-22 15:13:20, INFO: Stops times: 4

2025-03-22 15:13:22, INFO: human number: 8
2025-03-22 15:13:23, INFO: running 44/3600 episode, simulation environment: circle_crossing
2025-03-22 15:13:23, INFO: 44/3600 episode: Collision! Total Reward: -24.776, R_dan: -0.01, R_goal: 0, R_col: -25.0, R_km: -0.7, R_col_wall: 0, R_wall_min_dist: 0.044, R_way_point_dist: 0.57, R_wp: 0.315
2025-03-22 15:13:23, INFO: Path length: 10.287080838588107
2025-03-22 15:13:23, INFO: Path left: 70.06285116508641
2025-03-22 15:13:23, INFO: Actions: 19
2025-03-22 15:13:23, INFO: Coordinates: -0.4031767100095749 -9.008029520511627
2025-03-22 15:13:23, INFO: Stops times: 0

2025-03-22 15:13:26, INFO: human number: 8
2025-03-22 15:13:26, INFO: running 45/3600 episode, simulation environment: circle_static
2025-03-22 15:13:27, INFO: 45/3600 episode: Collision! Total Reward: -22.553, R_dan: 1.95, R_goal: 0, R_col: -25.0, R_km: -1.8, R_col_wall: 0, R_wall_min_dist: -0.68, R_way_point_dist: 1.61, R_wp: 1.365
2025-03-22 15:13:27, INFO: Path length: 28.76761715789232
2025-03-22 15:13:27, INFO: Path left: 56.24514447883666
2025-03-22 15:13:27, INFO: Actions: 63
2025-03-22 15:13:27, INFO: Coordinates: -8.156440878286958 -0.3638145960867405
2025-03-22 15:13:27, INFO: Stops times: 1

2025-03-22 15:13:29, INFO: human number: 8
2025-03-22 15:13:29, INFO: running 46/3600 episode, simulation environment: no
2025-03-22 15:13:30, INFO: 46/3600 episode: Success! Total Reward: 19.522, R_dan: 5.3, R_goal: 10.0, R_col: 0, R_km: 3.1, R_col_wall: 0, R_wall_min_dist: -13.762, R_way_point_dist: 3.18, R_wp: 11.7
2025-03-22 15:13:30, INFO: Path length: 72.55867934032906
2025-03-22 15:13:30, INFO: Path left: 0
2025-03-22 15:13:30, INFO: Actions: 106
2025-03-22 15:13:30, INFO: Coordinates: -9.035543277859688 30.745487678796053
2025-03-22 15:13:30, INFO: Stops times: 4

2025-03-22 15:13:32, INFO: human number: 8
2025-03-22 15:13:32, INFO: running 47/3600 episode, simulation environment: circle_crossing
2025-03-22 15:13:34, INFO: 47/3600 episode: Collision! Total Reward: -11.199, R_dan: 3.33, R_goal: 0, R_col: -25.0, R_km: 3.9, R_col_wall: 0, R_wall_min_dist: -0.609, R_way_point_dist: 2.67, R_wp: 4.5
2025-03-22 15:13:34, INFO: Path length: 44.88101727712198
2025-03-22 15:13:34, INFO: Path left: 33.7238413448878
2025-03-22 15:13:34, INFO: Actions: 89
2025-03-22 15:13:34, INFO: Coordinates: 5.0264050886034966 13.247122194617987
2025-03-22 15:13:34, INFO: Stops times: 0

2025-03-22 15:13:36, INFO: human number: 8
2025-03-22 15:13:36, INFO: running 48/3600 episode, simulation environment: circle_static
2025-03-22 15:13:37, INFO: 48/3600 episode: Collision! Total Reward: -24.369, R_dan: 0.29, R_goal: 0, R_col: -25.0, R_km: -0.1, R_col_wall: 0, R_wall_min_dist: 0.019, R_way_point_dist: 0.27, R_wp: 0.15
2025-03-22 15:13:37, INFO: Path length: 5.628964915624212
2025-03-22 15:13:37, INFO: Path left: 74.90664822975879
2025-03-22 15:13:37, INFO: Actions: 9
2025-03-22 15:13:37, INFO: Coordinates: 4.238032519817352 -10.49446028098464
2025-03-22 15:13:37, INFO: Stops times: 0

2025-03-22 15:13:39, INFO: human number: 8
2025-03-22 15:13:39, INFO: running 49/3600 episode, simulation environment: no
2025-03-22 15:13:39, INFO: 49/3600 episode: Success! Total Reward: 19.522, R_dan: 5.3, R_goal: 10.0, R_col: 0, R_km: 3.1, R_col_wall: 0, R_wall_min_dist: -13.762, R_way_point_dist: 3.18, R_wp: 11.7
2025-03-22 15:13:39, INFO: Path length: 72.55867934032906
2025-03-22 15:13:39, INFO: Path left: 0
2025-03-22 15:13:39, INFO: Actions: 106
2025-03-22 15:13:39, INFO: Coordinates: -9.035543277859688 30.745487678796053
2025-03-22 15:13:39, INFO: Stops times: 4

2025-03-22 15:13:41, INFO: human number: 8
2025-03-22 15:13:42, INFO: running 50/3600 episode, simulation environment: circle_crossing
2025-03-22 15:13:42, INFO: 50/3600 episode: Collision! Total Reward: -23.919, R_dan: 0.41, R_goal: 0, R_col: -25.0, R_km: 0.1, R_col_wall: 0, R_wall_min_dist: 0.028, R_way_point_dist: 0.39, R_wp: 0.15
2025-03-22 15:13:42, INFO: Path length: 6.210387420353325
2025-03-22 15:13:42, INFO: Path left: 74.17028134293768
2025-03-22 15:13:42, INFO: Actions: 13
2025-03-22 15:13:42, INFO: Coordinates: 3.604209527373314 -9.700423561036587
2025-03-22 15:13:42, INFO: Stops times: 0

2025-03-22 15:13:44, INFO: human number: 8
2025-03-22 15:13:45, INFO: running 51/3600 episode, simulation environment: circle_static
2025-03-22 15:13:47, INFO: 51/3600 episode: Success! Total Reward: 31.836, R_dan: 7.74, R_goal: 10.0, R_col: 0, R_km: 1.7, R_col_wall: 0, R_wall_min_dist: -3.82, R_way_point_dist: 4.49, R_wp: 11.7
2025-03-22 15:13:47, INFO: Path length: 84.58222800768478
2025-03-22 15:13:47, INFO: Path left: 0
2025-03-22 15:13:47, INFO: Actions: 166
2025-03-22 15:13:47, INFO: Coordinates: -10.085049794986844 31.587150180712342
2025-03-22 15:13:47, INFO: Stops times: 0

2025-03-22 15:13:49, INFO: human number: 8
2025-03-22 15:13:49, INFO: running 52/3600 episode, simulation environment: no
2025-03-22 15:13:49, INFO: 52/3600 episode: Success! Total Reward: 19.522, R_dan: 5.3, R_goal: 10.0, R_col: 0, R_km: 3.1, R_col_wall: 0, R_wall_min_dist: -13.762, R_way_point_dist: 3.18, R_wp: 11.7
2025-03-22 15:13:49, INFO: Path length: 72.55867934032906
2025-03-22 15:13:49, INFO: Path left: 0
2025-03-22 15:13:49, INFO: Actions: 106
2025-03-22 15:13:49, INFO: Coordinates: -9.035543277859688 30.745487678796053
2025-03-22 15:13:49, INFO: Stops times: 4

2025-03-22 15:13:51, INFO: human number: 8
2025-03-22 15:13:52, INFO: running 53/3600 episode, simulation environment: circle_crossing
2025-03-22 15:13:52, INFO: 53/3600 episode: Collision! Total Reward: -25.098, R_dan: 0.33, R_goal: 0, R_col: -25.0, R_km: -1.0, R_col_wall: 0, R_wall_min_dist: 0.028, R_way_point_dist: 0.39, R_wp: 0.15
2025-03-22 15:13:52, INFO: Path length: 5.762155085873781
2025-03-22 15:13:52, INFO: Path left: 74.78311419002262
2025-03-22 15:13:52, INFO: Actions: 13
2025-03-22 15:13:52, INFO: Coordinates: 3.906641859561205 -11.15961044933647
2025-03-22 15:13:52, INFO: Stops times: 0

2025-03-22 15:13:55, INFO: human number: 8
2025-03-22 15:13:55, INFO: running 54/3600 episode, simulation environment: circle_static
2025-03-22 15:13:55, INFO: 54/3600 episode: Collision! Total Reward: -24.13, R_dan: 0.28, R_goal: 0, R_col: -25.0, R_km: 0.05, R_col_wall: 0, R_wall_min_dist: 0.026, R_way_point_dist: 0.36, R_wp: 0.15
2025-03-22 15:13:55, INFO: Path length: 6.960675223095274
2025-03-22 15:13:55, INFO: Path left: 73.71677717891389
2025-03-22 15:13:55, INFO: Actions: 12
2025-03-22 15:13:55, INFO: Coordinates: 3.145119559019804 -9.772076077759266
2025-03-22 15:13:55, INFO: Stops times: 0

2025-03-22 15:13:58, INFO: human number: 8
2025-03-22 15:13:58, INFO: running 55/3600 episode, simulation environment: no
2025-03-22 15:13:58, INFO: 55/3600 episode: Success! Total Reward: 19.522, R_dan: 5.3, R_goal: 10.0, R_col: 0, R_km: 3.1, R_col_wall: 0, R_wall_min_dist: -13.762, R_way_point_dist: 3.18, R_wp: 11.7
2025-03-22 15:13:58, INFO: Path length: 72.55867934032906
2025-03-22 15:13:58, INFO: Path left: 0
2025-03-22 15:13:58, INFO: Actions: 106
2025-03-22 15:13:58, INFO: Coordinates: -9.035543277859688 30.745487678796053
2025-03-22 15:13:58, INFO: Stops times: 4

2025-03-22 15:14:00, INFO: human number: 8
2025-03-22 15:14:01, INFO: running 56/3600 episode, simulation environment: circle_crossing
2025-03-22 15:14:01, INFO: 56/3600 episode: Collision! Total Reward: -22.244, R_dan: 0.8, R_goal: 0, R_col: -25.0, R_km: 0.5, R_col_wall: 0, R_wall_min_dist: -0.336, R_way_point_dist: 0.96, R_wp: 0.825
2025-03-22 15:14:01, INFO: Path length: 15.702578492874125
2025-03-22 15:14:01, INFO: Path left: 63.9693826433138
2025-03-22 15:14:01, INFO: Actions: 32
2025-03-22 15:14:01, INFO: Coordinates: -5.737758249044418 -7.2040034756064415
2025-03-22 15:14:01, INFO: Stops times: 0

2025-03-22 15:14:03, INFO: human number: 8
2025-03-22 15:14:04, INFO: running 57/3600 episode, simulation environment: circle_static
2025-03-22 15:14:05, INFO: 57/3600 episode: Collision! Total Reward: -12.933, R_dan: 3.85, R_goal: 0, R_col: -25.0, R_km: 2.6, R_col_wall: 0, R_wall_min_dist: -1.445, R_way_point_dist: 2.55, R_wp: 4.5
2025-03-22 15:14:05, INFO: Path length: 44.362639743661504
2025-03-22 15:14:05, INFO: Path left: 33.8979325831107
2025-03-22 15:14:05, INFO: Actions: 85
2025-03-22 15:14:05, INFO: Coordinates: 4.650977022014558 13.432500580325723
2025-03-22 15:14:05, INFO: Stops times: 0

2025-03-22 15:14:07, INFO: human number: 8
2025-03-22 15:14:07, INFO: running 58/3600 episode, simulation environment: no
2025-03-22 15:14:08, INFO: 58/3600 episode: Success! Total Reward: 19.522, R_dan: 5.3, R_goal: 10.0, R_col: 0, R_km: 3.1, R_col_wall: 0, R_wall_min_dist: -13.762, R_way_point_dist: 3.18, R_wp: 11.7
2025-03-22 15:14:08, INFO: Path length: 72.55867934032906
2025-03-22 15:14:08, INFO: Path left: 0
2025-03-22 15:14:08, INFO: Actions: 106
2025-03-22 15:14:08, INFO: Coordinates: -9.035543277859688 30.745487678796053
2025-03-22 15:14:08, INFO: Stops times: 4

2025-03-22 15:14:10, INFO: human number: 8
2025-03-22 15:14:10, INFO: running 59/3600 episode, simulation environment: circle_crossing
2025-03-22 15:14:12, INFO: 59/3600 episode: Success! Total Reward: 31.894, R_dan: 6.11, R_goal: 10.0, R_col: 0, R_km: 5.65, R_col_wall: 0, R_wall_min_dist: -5.629, R_way_point_dist: 4.05, R_wp: 11.7
2025-03-22 15:14:12, INFO: Path length: 75.3341561095894
2025-03-22 15:14:12, INFO: Path left: 0
2025-03-22 15:14:12, INFO: Actions: 135
2025-03-22 15:14:12, INFO: Coordinates: -8.85567760746926 30.769428761675954
2025-03-22 15:14:12, INFO: Stops times: 0

2025-03-22 15:14:14, INFO: human number: 8
2025-03-22 15:14:15, INFO: running 60/3600 episode, simulation environment: circle_static
2025-03-22 15:14:16, INFO: 60/3600 episode: Success! Total Reward: 27.94, R_dan: 8.14, R_goal: 10.0, R_col: 0, R_km: 1.7, R_col_wall: 0, R_wall_min_dist: -8.598, R_way_point_dist: 4.98, R_wp: 11.7
2025-03-22 15:14:16, INFO: Path length: 77.02818620382007
2025-03-22 15:14:16, INFO: Path left: 0
2025-03-22 15:14:16, INFO: Actions: 166
2025-03-22 15:14:16, INFO: Coordinates: -9.484768353402615 30.90637682657689
2025-03-22 15:14:16, INFO: Stops times: 1

2025-03-22 15:14:19, INFO: human number: 8
2025-03-22 15:14:19, INFO: running 61/3600 episode, simulation environment: no
2025-03-22 15:14:19, INFO: 61/3600 episode: Success! Total Reward: 19.522, R_dan: 5.3, R_goal: 10.0, R_col: 0, R_km: 3.1, R_col_wall: 0, R_wall_min_dist: -13.762, R_way_point_dist: 3.18, R_wp: 11.7
2025-03-22 15:14:19, INFO: Path length: 72.55867934032906
2025-03-22 15:14:19, INFO: Path left: 0
2025-03-22 15:14:19, INFO: Actions: 106
2025-03-22 15:14:19, INFO: Coordinates: -9.035543277859688 30.745487678796053
2025-03-22 15:14:19, INFO: Stops times: 4

2025-03-22 15:14:21, INFO: human number: 8
2025-03-22 15:14:22, INFO: running 62/3600 episode, simulation environment: circle_crossing
2025-03-22 15:14:22, INFO: 62/3600 episode: Collision! Total Reward: -24.174, R_dan: 0.62, R_goal: 0, R_col: -25.0, R_km: -0.4, R_col_wall: 0, R_wall_min_dist: 0.03, R_way_point_dist: 0.42, R_wp: 0.15
2025-03-22 15:14:22, INFO: Path length: 5.76882696090492
2025-03-22 15:14:22, INFO: Path left: 74.51609551656907
2025-03-22 15:14:22, INFO: Actions: 14
2025-03-22 15:14:22, INFO: Coordinates: 3.942927047610283 -9.822485350072384
2025-03-22 15:14:22, INFO: Stops times: 0

2025-03-22 15:14:24, INFO: human number: 8
2025-03-22 15:14:25, INFO: running 63/3600 episode, simulation environment: circle_static
2025-03-22 15:14:27, INFO: 63/3600 episode: Success! Total Reward: 20.449, R_dan: 6.5, R_goal: 10.0, R_col: 0, R_km: -7.9, R_col_wall: 0, R_wall_min_dist: -5.701, R_way_point_dist: 5.82, R_wp: 11.7
2025-03-22 15:14:27, INFO: Path length: 79.6273100443676
2025-03-22 15:14:27, INFO: Path left: 0
2025-03-22 15:14:27, INFO: Actions: 194
2025-03-22 15:14:27, INFO: Coordinates: -9.526899941265583 31.27391456265468
2025-03-22 15:14:27, INFO: Stops times: 0

2025-03-22 15:14:29, INFO: human number: 8
2025-03-22 15:14:29, INFO: running 64/3600 episode, simulation environment: no
2025-03-22 15:14:29, INFO: 64/3600 episode: Success! Total Reward: 19.522, R_dan: 5.3, R_goal: 10.0, R_col: 0, R_km: 3.1, R_col_wall: 0, R_wall_min_dist: -13.762, R_way_point_dist: 3.18, R_wp: 11.7
2025-03-22 15:14:29, INFO: Path length: 72.55867934032906
2025-03-22 15:14:29, INFO: Path left: 0
2025-03-22 15:14:29, INFO: Actions: 106
2025-03-22 15:14:29, INFO: Coordinates: -9.035543277859688 30.745487678796053
2025-03-22 15:14:29, INFO: Stops times: 4

2025-03-22 15:14:32, INFO: human number: 8
2025-03-22 15:14:32, INFO: running 65/3600 episode, simulation environment: circle_crossing
2025-03-22 15:14:33, INFO: 65/3600 episode: Collision! Total Reward: -24.314, R_dan: 0.54, R_goal: 0, R_col: -25.0, R_km: -0.4, R_col_wall: 0, R_wall_min_dist: 0.03, R_way_point_dist: 0.42, R_wp: 0.09
2025-03-22 15:14:33, INFO: Path length: 4.561968462969974
2025-03-22 15:14:33, INFO: Path left: 75.77586547556358
2025-03-22 15:14:33, INFO: Actions: 14
2025-03-22 15:14:33, INFO: Coordinates: 5.212543241679668 -9.633275255560875
2025-03-22 15:14:33, INFO: Stops times: 0

2025-03-22 15:14:35, INFO: human number: 8
2025-03-22 15:14:35, INFO: running 66/3600 episode, simulation environment: circle_static
2025-03-22 15:14:37, INFO: 66/3600 episode: Success! Total Reward: 20.976, R_dan: 7.41, R_goal: 10.0, R_col: 0, R_km: -7.9, R_col_wall: 0, R_wall_min_dist: -4.799, R_way_point_dist: 4.55, R_wp: 11.7
2025-03-22 15:14:37, INFO: Path length: 81.27495632392828
2025-03-22 15:14:37, INFO: Path left: 0
2025-03-22 15:14:37, INFO: Actions: 161
2025-03-22 15:14:37, INFO: Coordinates: -10.456893154187128 31.403872286900878
2025-03-22 15:14:37, INFO: Stops times: 0

2025-03-22 15:14:39, INFO: human number: 8
2025-03-22 15:14:39, INFO: running 67/3600 episode, simulation environment: no
2025-03-22 15:14:40, INFO: 67/3600 episode: Success! Total Reward: 19.522, R_dan: 5.3, R_goal: 10.0, R_col: 0, R_km: 3.1, R_col_wall: 0, R_wall_min_dist: -13.762, R_way_point_dist: 3.18, R_wp: 11.7
2025-03-22 15:14:40, INFO: Path length: 72.55867934032906
2025-03-22 15:14:40, INFO: Path left: 0
2025-03-22 15:14:40, INFO: Actions: 106
2025-03-22 15:14:40, INFO: Coordinates: -9.035543277859688 30.745487678796053
2025-03-22 15:14:40, INFO: Stops times: 4

2025-03-22 15:14:42, INFO: human number: 8
2025-03-22 15:14:43, INFO: running 68/3600 episode, simulation environment: circle_crossing
2025-03-22 15:14:43, INFO: 68/3600 episode: Collision! Total Reward: -25.205, R_dan: 0.25, R_goal: 0, R_col: -25.0, R_km: 0.35, R_col_wall: 0, R_wall_min_dist: -2.218, R_way_point_dist: 0.87, R_wp: 0.54
2025-03-22 15:14:43, INFO: Path length: 13.553927862069624
2025-03-22 15:14:43, INFO: Path left: 66.07570600267493
2025-03-22 15:14:43, INFO: Actions: 29
2025-03-22 15:14:43, INFO: Coordinates: -3.5049769803881645 -6.753542106598616
2025-03-22 15:14:43, INFO: Stops times: 0

2025-03-22 15:14:46, INFO: human number: 8
2025-03-22 15:14:47, INFO: running 69/3600 episode, simulation environment: circle_static
2025-03-22 15:14:47, INFO: 69/3600 episode: Collision! Total Reward: -27.481, R_dan: 0.0, R_goal: 0, R_col: -25.0, R_km: -3.05, R_col_wall: 0, R_wall_min_dist: 0.036, R_way_point_dist: 0.48, R_wp: 0.045
2025-03-22 15:14:47, INFO: Path length: 3.1597330128150163
2025-03-22 15:14:47, INFO: Path left: 77.11009999965208
2025-03-22 15:14:47, INFO: Actions: 16
2025-03-22 15:14:47, INFO: Coordinates: 6.549007225781679 -9.532442406751215
2025-03-22 15:14:47, INFO: Stops times: 0

2025-03-22 15:14:49, INFO: human number: 8
2025-03-22 15:14:49, INFO: running 70/3600 episode, simulation environment: no
2025-03-22 15:14:50, INFO: 70/3600 episode: Success! Total Reward: 19.522, R_dan: 5.3, R_goal: 10.0, R_col: 0, R_km: 3.1, R_col_wall: 0, R_wall_min_dist: -13.762, R_way_point_dist: 3.18, R_wp: 11.7
2025-03-22 15:14:50, INFO: Path length: 72.55867934032906
2025-03-22 15:14:50, INFO: Path left: 0
2025-03-22 15:14:50, INFO: Actions: 106
2025-03-22 15:14:50, INFO: Coordinates: -9.035543277859688 30.745487678796053
2025-03-22 15:14:50, INFO: Stops times: 4

2025-03-22 15:14:52, INFO: human number: 8
2025-03-22 15:14:52, INFO: running 71/3600 episode, simulation environment: circle_crossing
2025-03-22 15:14:53, INFO: 71/3600 episode: Collision! Total Reward: -24.525, R_dan: 0.16, R_goal: 0, R_col: -25.0, R_km: -0.3, R_col_wall: 0, R_wall_min_dist: -0.018, R_way_point_dist: 0.48, R_wp: 0.15
2025-03-22 15:14:53, INFO: Path length: 6.595041771150729
2025-03-22 15:14:53, INFO: Path left: 73.48797522287644
2025-03-22 15:14:53, INFO: Actions: 16
2025-03-22 15:14:53, INFO: Coordinates: 2.8455401584506035 -8.779310889542103
2025-03-22 15:14:53, INFO: Stops times: 1

2025-03-22 15:14:55, INFO: human number: 8
2025-03-22 15:14:55, INFO: running 72/3600 episode, simulation environment: circle_static
2025-03-22 15:14:56, INFO: 72/3600 episode: Collision! Total Reward: -23.745, R_dan: 0.47, R_goal: 0, R_col: -25.0, R_km: -0.15, R_col_wall: 0, R_wall_min_dist: 0.044, R_way_point_dist: 0.57, R_wp: 0.315
2025-03-22 15:14:56, INFO: Path length: 9.425471390161212
2025-03-22 15:14:56, INFO: Path left: 70.4026510928473
2025-03-22 15:14:56, INFO: Actions: 19
2025-03-22 15:14:56, INFO: Coordinates: -0.20169833302497864 -9.77066658437252
2025-03-22 15:14:56, INFO: Stops times: 0

2025-03-22 15:14:58, INFO: human number: 8
2025-03-22 15:14:58, INFO: running 73/3600 episode, simulation environment: no
2025-03-22 15:14:58, INFO: 73/3600 episode: Success! Total Reward: 19.522, R_dan: 5.3, R_goal: 10.0, R_col: 0, R_km: 3.1, R_col_wall: 0, R_wall_min_dist: -13.762, R_way_point_dist: 3.18, R_wp: 11.7
2025-03-22 15:14:58, INFO: Path length: 72.55867934032906
2025-03-22 15:14:58, INFO: Path left: 0
2025-03-22 15:14:58, INFO: Actions: 106
2025-03-22 15:14:58, INFO: Coordinates: -9.035543277859688 30.745487678796053
2025-03-22 15:14:58, INFO: Stops times: 4

